  [1m[35m (3.3ms)[0m  [1m[34mSELECT pg_try_advisory_lock(4709995827031202925)[0m
  [1m[35m (1.0ms)[0m  [1m[34mSELECT "schema_migrations"."version" FROM "schema_migrations" ORDER BY "schema_migrations"."version" ASC[0m
Migrating to ConverDatatypeFloat (20211124171346)
  [1m[35m (50.5ms)[0m  [1m[35mALTER TABLE "portfolios" ALTER COLUMN "current_spot_price" TYPE float[0m
  [1m[35m (7.4ms)[0m  [1m[35mALTER TABLE "transactions" ALTER COLUMN "settled_price" TYPE float[0m
  [1m[35m (10.7ms)[0m  [1m[35mALTER TABLE "accounts" ALTER COLUMN "cash_balance" TYPE float[0m
  [1m[35m (5.7ms)[0m  [1m[35mALTER TABLE "accounts" ALTER COLUMN "stock_balance" TYPE float[0m
  [1m[35m (2.8ms)[0m  [1m[35mALTER TABLE "accounts" ALTER COLUMN "total_balance" TYPE float[0m
  [1m[36mTRANSACTION (0.1ms)[0m  [1m[35mBEGIN[0m
  [1m[36mActiveRecord::SchemaMigration Create (0.5ms)[0m  [1m[32mINSERT INTO "schema_migrations" ("version") VALUES ($1) RETURNING "version"[0m  [["version", "20211124171346"]]
  [1m[36mTRANSACTION (0.2ms)[0m  [1m[35mCOMMIT[0m
  [1m[36mActiveRecord::InternalMetadata Load (0.6ms)[0m  [1m[34mSELECT "ar_internal_metadata".* FROM "ar_internal_metadata" WHERE "ar_internal_metadata"."key" = $1 LIMIT $2[0m  [["key", "environment"], ["LIMIT", 1]]
  [1m[35m (0.4ms)[0m  [1m[34mSELECT pg_advisory_unlock(4709995827031202925)[0m
  [1m[35m (0.7ms)[0m  [1m[34mSELECT "schema_migrations"."version" FROM "schema_migrations" ORDER BY "schema_migrations"."version" ASC[0m
  [1m[35m (1.0ms)[0m  [1m[34mSELECT "schema_migrations"."version" FROM "schema_migrations" ORDER BY "schema_migrations"."version" ASC[0m
  [1m[35m (0.5ms)[0m  [1m[34mSELECT "ar_internal_metadata"."value" FROM "ar_internal_metadata" WHERE "ar_internal_metadata"."key" = $1[0m  [["key", "environment"]]
  [1m[35m (0.2ms)[0m  [1m[34mSELECT "schema_migrations"."version" FROM "schema_migrations" ORDER BY "schema_migrations"."version" ASC[0m
  [1m[35m (0.2ms)[0m  [1m[34mSELECT "ar_internal_metadata"."value" FROM "ar_internal_metadata" WHERE "ar_internal_metadata"."key" = $1[0m  [["key", "environment"]]
  [1m[35m (0.1ms)[0m  [1m[34mSELECT "schema_migrations"."version" FROM "schema_migrations" ORDER BY "schema_migrations"."version" ASC[0m
  [1m[35m (0.1ms)[0m  [1m[34mSELECT "ar_internal_metadata"."value" FROM "ar_internal_metadata" WHERE "ar_internal_metadata"."key" = $1[0m  [["key", "environment"]]
  [1m[35m (93.1ms)[0m  [1m[35mDROP DATABASE IF EXISTS "server_development"[0m
  [1m[35m (48.6ms)[0m  [1m[35mDROP DATABASE IF EXISTS "server_test"[0m
  [1m[35m (169.4ms)[0m  [1m[35mCREATE DATABASE "server_development" ENCODING = 'unicode'[0m
  [1m[35m (79.4ms)[0m  [1m[35mCREATE DATABASE "server_test" ENCODING = 'unicode'[0m
  [1m[35mSQL (1.1ms)[0m  [1m[35mCREATE EXTENSION IF NOT EXISTS "plpgsql"[0m
  [1m[35m (0.1ms)[0m  [1m[35mDROP TABLE IF EXISTS "accounts" CASCADE[0m
  [1m[35m (4.9ms)[0m  [1m[35mCREATE TABLE "accounts" ("id" bigserial primary key, "cash_balance" float, "stock_balance" float, "total_balance" float, "created_at" timestamp(6) NOT NULL, "updated_at" timestamp(6) NOT NULL, "user_id" bigint NOT NULL, "referral_bonus" integer, "signup_bonus" boolean)[0m
  [1m[35m (0.6ms)[0m  [1m[35mCREATE INDEX "index_accounts_on_user_id" ON "accounts" ("user_id")[0m
  [1m[35m (0.1ms)[0m  [1m[35mDROP TABLE IF EXISTS "portfolios" CASCADE[0m
  [1m[35m (10.9ms)[0m  [1m[35mCREATE TABLE "portfolios" ("id" bigserial primary key, "ticker" character varying, "quantity" float, "current_spot_price" float, "created_at" timestamp(6) NOT NULL, "updated_at" timestamp(6) NOT NULL, "account_id" bigint NOT NULL)[0m
  [1m[35m (0.6ms)[0m  [1m[35mCREATE INDEX "index_portfolios_on_account_id" ON "portfolios" ("account_id")[0m
  [1m[35m (0.1ms)[0m  [1m[35mDROP TABLE IF EXISTS "referrals" CASCADE[0m
  [1m[35m (2.4ms)[0m  [1m[35mCREATE TABLE "referrals" ("id" bigserial primary key, "recipient_id" character varying, "created_at" timestamp(6) NOT NULL, "updated_at" timestamp(6) NOT NULL, "user_id" bigint NOT NULL)[0m
  [1m[35m (0.6ms)[0m  [1m[35mCREATE INDEX "index_referrals_on_user_id" ON "referrals" ("user_id")[0m
  [1m[35m (0.1ms)[0m  [1m[35mDROP TABLE IF EXISTS "transactions" CASCADE[0m
  [1m[35m (1.6ms)[0m  [1m[35mCREATE TABLE "transactions" ("id" bigserial primary key, "ticker" character varying, "trade" integer, "quantity" float, "settled_price" float, "created_at" timestamp(6) NOT NULL, "updated_at" timestamp(6) NOT NULL, "account_id" bigint NOT NULL)[0m
  [1m[35m (0.6ms)[0m  [1m[35mCREATE INDEX "index_transactions_on_account_id" ON "transactions" ("account_id")[0m
  [1m[35m (0.1ms)[0m  [1m[35mDROP TABLE IF EXISTS "users" CASCADE[0m
  [1m[35m (2.7ms)[0m  [1m[35mCREATE TABLE "users" ("id" bigserial primary key, "first_name" character varying, "last_name" character varying, "email" character varying, "password_digest" character varying, "created_at" timestamp(6) NOT NULL, "updated_at" timestamp(6) NOT NULL, "referral_code" character varying)[0m
  [1m[35m (3.0ms)[0m  [1m[35mALTER TABLE "accounts" ADD CONSTRAINT "fk_rails_b1e30bebc8"
FOREIGN KEY ("user_id")
  REFERENCES "users" ("id")
[0m
  [1m[35m (1.1ms)[0m  [1m[35mALTER TABLE "portfolios" ADD CONSTRAINT "fk_rails_ccd37f55ab"
FOREIGN KEY ("account_id")
  REFERENCES "accounts" ("id")
[0m
  [1m[35m (0.7ms)[0m  [1m[35mALTER TABLE "referrals" ADD CONSTRAINT "fk_rails_1bb2ba0c15"
FOREIGN KEY ("user_id")
  REFERENCES "users" ("id")
[0m
  [1m[35m (0.7ms)[0m  [1m[35mALTER TABLE "transactions" ADD CONSTRAINT "fk_rails_01f020e267"
FOREIGN KEY ("account_id")
  REFERENCES "accounts" ("id")
[0m
  [1m[35m (1.8ms)[0m  [1m[35mCREATE TABLE "schema_migrations" ("version" character varying NOT NULL PRIMARY KEY)[0m
  [1m[35m (0.3ms)[0m  [1m[34mSELECT "schema_migrations"."version" FROM "schema_migrations" ORDER BY "schema_migrations"."version" ASC[0m
  [1m[35m (0.4ms)[0m  [1m[32mINSERT INTO "schema_migrations" (version) VALUES (20211124171346)[0m
  [1m[35m (0.3ms)[0m  [1m[32mINSERT INTO "schema_migrations" (version) VALUES
(20211119163009),
(20211119163542),
(20211119163721),
(20211119163903),
(20211119170947),
(20211119184501),
(20211119185026),
(20211120012622),
(20211120013655),
(20211120014208),
(20211120014456),
(20211123011257);

[0m
  [1m[35m (2.3ms)[0m  [1m[35mCREATE TABLE "ar_internal_metadata" ("key" character varying NOT NULL PRIMARY KEY, "value" character varying, "created_at" timestamp(6) NOT NULL, "updated_at" timestamp(6) NOT NULL)[0m
  [1m[36mActiveRecord::InternalMetadata Load (0.3ms)[0m  [1m[34mSELECT "ar_internal_metadata".* FROM "ar_internal_metadata" WHERE "ar_internal_metadata"."key" = $1 LIMIT $2[0m  [["key", "environment"], ["LIMIT", 1]]
  [1m[36mTRANSACTION (0.1ms)[0m  [1m[35mBEGIN[0m
  [1m[36mActiveRecord::InternalMetadata Create (0.3ms)[0m  [1m[32mINSERT INTO "ar_internal_metadata" ("key", "value", "created_at", "updated_at") VALUES ($1, $2, $3, $4) RETURNING "key"[0m  [["key", "environment"], ["value", "development"], ["created_at", "2021-11-24 17:53:01.890296"], ["updated_at", "2021-11-24 17:53:01.890296"]]
  [1m[36mTRANSACTION (0.2ms)[0m  [1m[35mCOMMIT[0m
  [1m[36mActiveRecord::InternalMetadata Load (0.2ms)[0m  [1m[34mSELECT "ar_internal_metadata".* FROM "ar_internal_metadata" WHERE "ar_internal_metadata"."key" = $1 LIMIT $2[0m  [["key", "environment"], ["LIMIT", 1]]
  [1m[36mActiveRecord::InternalMetadata Load (0.6ms)[0m  [1m[34mSELECT "ar_internal_metadata".* FROM "ar_internal_metadata" WHERE "ar_internal_metadata"."key" = $1 LIMIT $2[0m  [["key", "schema_sha1"], ["LIMIT", 1]]
  [1m[36mTRANSACTION (0.1ms)[0m  [1m[35mBEGIN[0m
  [1m[36mActiveRecord::InternalMetadata Create (0.3ms)[0m  [1m[32mINSERT INTO "ar_internal_metadata" ("key", "value", "created_at", "updated_at") VALUES ($1, $2, $3, $4) RETURNING "key"[0m  [["key", "schema_sha1"], ["value", "d4eaab624edaf629f2f8d74893500ba2aa2eae8b"], ["created_at", "2021-11-24 17:53:01.906200"], ["updated_at", "2021-11-24 17:53:01.906200"]]
  [1m[36mTRANSACTION (0.4ms)[0m  [1m[35mCOMMIT[0m
  [1m[35mSQL (0.6ms)[0m  [1m[35mCREATE EXTENSION IF NOT EXISTS "plpgsql"[0m
  [1m[35m (0.3ms)[0m  [1m[35mDROP TABLE IF EXISTS "accounts" CASCADE[0m
  [1m[35m (13.8ms)[0m  [1m[35mCREATE TABLE "accounts" ("id" bigserial primary key, "cash_balance" float, "stock_balance" float, "total_balance" float, "created_at" timestamp(6) NOT NULL, "updated_at" timestamp(6) NOT NULL, "user_id" bigint NOT NULL, "referral_bonus" integer, "signup_bonus" boolean)[0m
  [1m[35m (1.0ms)[0m  [1m[35mCREATE INDEX "index_accounts_on_user_id" ON "accounts" ("user_id")[0m
  [1m[35m (0.2ms)[0m  [1m[35mDROP TABLE IF EXISTS "portfolios" CASCADE[0m
  [1m[35m (4.7ms)[0m  [1m[35mCREATE TABLE "portfolios" ("id" bigserial primary key, "ticker" character varying, "quantity" float, "current_spot_price" float, "created_at" timestamp(6) NOT NULL, "updated_at" timestamp(6) NOT NULL, "account_id" bigint NOT NULL)[0m
  [1m[35m (3.9ms)[0m  [1m[35mCREATE INDEX "index_portfolios_on_account_id" ON "portfolios" ("account_id")[0m
  [1m[35m (0.3ms)[0m  [1m[35mDROP TABLE IF EXISTS "referrals" CASCADE[0m
  [1m[35m (2.8ms)[0m  [1m[35mCREATE TABLE "referrals" ("id" bigserial primary key, "recipient_id" character varying, "created_at" timestamp(6) NOT NULL, "updated_at" timestamp(6) NOT NULL, "user_id" bigint NOT NULL)[0m
  [1m[35m (0.9ms)[0m  [1m[35mCREATE INDEX "index_referrals_on_user_id" ON "referrals" ("user_id")[0m
  [1m[35m (0.4ms)[0m  [1m[35mDROP TABLE IF EXISTS "transactions" CASCADE[0m
  [1m[35m (10.2ms)[0m  [1m[35mCREATE TABLE "transactions" ("id" bigserial primary key, "ticker" character varying, "trade" integer, "quantity" float, "settled_price" float, "created_at" timestamp(6) NOT NULL, "updated_at" timestamp(6) NOT NULL, "account_id" bigint NOT NULL)[0m
  [1m[35m (1.5ms)[0m  [1m[35mCREATE INDEX "index_transactions_on_account_id" ON "transactions" ("account_id")[0m
  [1m[35m (0.3ms)[0m  [1m[35mDROP TABLE IF EXISTS "users" CASCADE[0m
  [1m[35m (4.4ms)[0m  [1m[35mCREATE TABLE "users" ("id" bigserial primary key, "first_name" character varying, "last_name" character varying, "email" character varying, "password_digest" character varying, "created_at" timestamp(6) NOT NULL, "updated_at" timestamp(6) NOT NULL, "referral_code" character varying)[0m
  [1m[35m (4.4ms)[0m  [1m[35mALTER TABLE "accounts" ADD CONSTRAINT "fk_rails_b1e30bebc8"
FOREIGN KEY ("user_id")
  REFERENCES "users" ("id")
[0m
  [1m[35m (3.3ms)[0m  [1m[35mALTER TABLE "portfolios" ADD CONSTRAINT "fk_rails_ccd37f55ab"
FOREIGN KEY ("account_id")
  REFERENCES "accounts" ("id")
[0m
  [1m[35m (2.1ms)[0m  [1m[35mALTER TABLE "referrals" ADD CONSTRAINT "fk_rails_1bb2ba0c15"
FOREIGN KEY ("user_id")
  REFERENCES "users" ("id")
[0m
  [1m[35m (2.5ms)[0m  [1m[35mALTER TABLE "transactions" ADD CONSTRAINT "fk_rails_01f020e267"
FOREIGN KEY ("account_id")
  REFERENCES "accounts" ("id")
[0m
  [1m[35m (4.6ms)[0m  [1m[35mCREATE TABLE "schema_migrations" ("version" character varying NOT NULL PRIMARY KEY)[0m
  [1m[35m (0.6ms)[0m  [1m[34mSELECT "schema_migrations"."version" FROM "schema_migrations" ORDER BY "schema_migrations"."version" ASC[0m
  [1m[35m (0.7ms)[0m  [1m[32mINSERT INTO "schema_migrations" (version) VALUES (20211124171346)[0m
  [1m[35m (0.4ms)[0m  [1m[32mINSERT INTO "schema_migrations" (version) VALUES
(20211119163009),
(20211119163542),
(20211119163721),
(20211119163903),
(20211119170947),
(20211119184501),
(20211119185026),
(20211120012622),
(20211120013655),
(20211120014208),
(20211120014456),
(20211123011257);

[0m
  [1m[35m (5.1ms)[0m  [1m[35mCREATE TABLE "ar_internal_metadata" ("key" character varying NOT NULL PRIMARY KEY, "value" character varying, "created_at" timestamp(6) NOT NULL, "updated_at" timestamp(6) NOT NULL)[0m
  [1m[36mActiveRecord::InternalMetadata Load (0.5ms)[0m  [1m[34mSELECT "ar_internal_metadata".* FROM "ar_internal_metadata" WHERE "ar_internal_metadata"."key" = $1 LIMIT $2[0m  [["key", "environment"], ["LIMIT", 1]]
  [1m[36mTRANSACTION (0.1ms)[0m  [1m[35mBEGIN[0m
  [1m[36mActiveRecord::InternalMetadata Create (0.5ms)[0m  [1m[32mINSERT INTO "ar_internal_metadata" ("key", "value", "created_at", "updated_at") VALUES ($1, $2, $3, $4) RETURNING "key"[0m  [["key", "environment"], ["value", "development"], ["created_at", "2021-11-24 17:53:02.080721"], ["updated_at", "2021-11-24 17:53:02.080721"]]
  [1m[36mTRANSACTION (0.4ms)[0m  [1m[35mCOMMIT[0m
  [1m[36mActiveRecord::InternalMetadata Load (0.2ms)[0m  [1m[34mSELECT "ar_internal_metadata".* FROM "ar_internal_metadata" WHERE "ar_internal_metadata"."key" = $1 LIMIT $2[0m  [["key", "environment"], ["LIMIT", 1]]
  [1m[36mTRANSACTION (0.1ms)[0m  [1m[35mBEGIN[0m
  [1m[36mActiveRecord::InternalMetadata Update (0.3ms)[0m  [1m[33mUPDATE "ar_internal_metadata" SET "value" = $1, "updated_at" = $2 WHERE "ar_internal_metadata"."key" = $3[0m  [["value", "test"], ["updated_at", "2021-11-24 17:53:02.090942"], ["key", "environment"]]
  [1m[36mTRANSACTION (0.3ms)[0m  [1m[35mCOMMIT[0m
  [1m[36mActiveRecord::InternalMetadata Load (0.2ms)[0m  [1m[34mSELECT "ar_internal_metadata".* FROM "ar_internal_metadata" WHERE "ar_internal_metadata"."key" = $1 LIMIT $2[0m  [["key", "schema_sha1"], ["LIMIT", 1]]
  [1m[36mTRANSACTION (0.1ms)[0m  [1m[35mBEGIN[0m
  [1m[36mActiveRecord::InternalMetadata Create (0.2ms)[0m  [1m[32mINSERT INTO "ar_internal_metadata" ("key", "value", "created_at", "updated_at") VALUES ($1, $2, $3, $4) RETURNING "key"[0m  [["key", "schema_sha1"], ["value", "d4eaab624edaf629f2f8d74893500ba2aa2eae8b"], ["created_at", "2021-11-24 17:53:02.099532"], ["updated_at", "2021-11-24 17:53:02.099532"]]
  [1m[36mTRANSACTION (0.3ms)[0m  [1m[35mCOMMIT[0m
  [1m[35m (0.8ms)[0m  [1m[34mSELECT "schema_migrations"."version" FROM "schema_migrations" ORDER BY "schema_migrations"."version" ASC[0m
  [1m[36mTRANSACTION (0.1ms)[0m  [1m[35mBEGIN[0m
  [1m[36mUser Exists? (1.1ms)[0m  [1m[34mSELECT 1 AS one FROM "users" WHERE LOWER("users"."email") = LOWER($1) LIMIT $2[0m  [["email", "admin@wealthify.com"], ["LIMIT", 1]]
  [1m[36mUser Create (0.5ms)[0m  [1m[32mINSERT INTO "users" ("first_name", "last_name", "email", "password_digest", "created_at", "updated_at", "referral_code") VALUES ($1, $2, $3, $4, $5, $6, $7) RETURNING "id"[0m  [["first_name", "wealthify"], ["last_name", "wealthify"], ["email", "admin@wealthify.com"], ["password_digest", "$2a$12$8YSWbJd/Yy5ykN.9t/Q90.SrtHX10q1j.2ougPE/x6adjrqVCDzJS"], ["created_at", "2021-11-24 17:53:02.182461"], ["updated_at", "2021-11-24 17:53:02.182461"], ["referral_code", "aX6b7e"]]
  [1m[36mTRANSACTION (0.4ms)[0m  [1m[35mCOMMIT[0m
  [1m[36mTRANSACTION (0.1ms)[0m  [1m[35mBEGIN[0m
  [1m[36mUser Load (0.2ms)[0m  [1m[34mSELECT "users".* FROM "users" WHERE "users"."id" = $1 LIMIT $2[0m  [["id", 1], ["LIMIT", 1]]
  [1m[36mAccount Create (1.5ms)[0m  [1m[32mINSERT INTO "accounts" ("cash_balance", "stock_balance", "total_balance", "created_at", "updated_at", "user_id", "referral_bonus", "signup_bonus") VALUES ($1, $2, $3, $4, $5, $6, $7, $8) RETURNING "id"[0m  [["cash_balance", 2000.0], ["stock_balance", 9566.0], ["total_balance", 12000.0], ["created_at", "2021-11-24 17:53:02.212257"], ["updated_at", "2021-11-24 17:53:02.212257"], ["user_id", 1], ["referral_bonus", 0], ["signup_bonus", false]]
  [1m[36mTRANSACTION (0.2ms)[0m  [1m[35mCOMMIT[0m
  [1m[36mTRANSACTION (0.1ms)[0m  [1m[35mBEGIN[0m
  [1m[36mAccount Load (0.2ms)[0m  [1m[34mSELECT "accounts".* FROM "accounts" WHERE "accounts"."id" = $1 LIMIT $2[0m  [["id", 1], ["LIMIT", 1]]
  [1m[36mPortfolio Create (1.0ms)[0m  [1m[32mINSERT INTO "portfolios" ("ticker", "quantity", "current_spot_price", "created_at", "updated_at", "account_id") VALUES ($1, $2, $3, $4, $5, $6) RETURNING "id"[0m  [["ticker", "AAPL"], ["quantity", 20.0], ["current_spot_price", 158.0], ["created_at", "2021-11-24 17:53:02.233151"], ["updated_at", "2021-11-24 17:53:02.233151"], ["account_id", 1]]
  [1m[36mTRANSACTION (0.2ms)[0m  [1m[35mCOMMIT[0m
  [1m[36mTRANSACTION (0.1ms)[0m  [1m[35mBEGIN[0m
  [1m[36mAccount Load (0.1ms)[0m  [1m[34mSELECT "accounts".* FROM "accounts" WHERE "accounts"."id" = $1 LIMIT $2[0m  [["id", 1], ["LIMIT", 1]]
  [1m[36mPortfolio Create (0.3ms)[0m  [1m[32mINSERT INTO "portfolios" ("ticker", "quantity", "current_spot_price", "created_at", "updated_at", "account_id") VALUES ($1, $2, $3, $4, $5, $6) RETURNING "id"[0m  [["ticker", "ETH-USD"], ["quantity", 1.5], ["current_spot_price", 4271.0], ["created_at", "2021-11-24 17:53:02.240681"], ["updated_at", "2021-11-24 17:53:02.240681"], ["account_id", 1]]
  [1m[36mTRANSACTION (0.2ms)[0m  [1m[35mCOMMIT[0m
  [1m[36mTRANSACTION (0.1ms)[0m  [1m[35mBEGIN[0m
  [1m[36mAccount Load (0.2ms)[0m  [1m[34mSELECT "accounts".* FROM "accounts" WHERE "accounts"."id" = $1 LIMIT $2[0m  [["id", 1], ["LIMIT", 1]]
  [1m[36mTransaction Create (0.9ms)[0m  [1m[32mINSERT INTO "transactions" ("ticker", "trade", "quantity", "settled_price", "created_at", "updated_at", "account_id") VALUES ($1, $2, $3, $4, $5, $6, $7) RETURNING "id"[0m  [["ticker", "AAPL"], ["trade", 1], ["quantity", 20.0], ["settled_price", 158.0], ["created_at", "2021-11-24 17:53:02.260087"], ["updated_at", "2021-11-24 17:53:02.260087"], ["account_id", 1]]
  [1m[36mTRANSACTION (0.3ms)[0m  [1m[35mCOMMIT[0m
  [1m[36mTRANSACTION (0.1ms)[0m  [1m[35mBEGIN[0m
  [1m[36mAccount Load (0.1ms)[0m  [1m[34mSELECT "accounts".* FROM "accounts" WHERE "accounts"."id" = $1 LIMIT $2[0m  [["id", 1], ["LIMIT", 1]]
  [1m[36mTransaction Create (0.3ms)[0m  [1m[32mINSERT INTO "transactions" ("ticker", "trade", "quantity", "settled_price", "created_at", "updated_at", "account_id") VALUES ($1, $2, $3, $4, $5, $6, $7) RETURNING "id"[0m  [["ticker", "ETH-USD"], ["trade", 1], ["quantity", 1.5], ["settled_price", 4271.0], ["created_at", "2021-11-24 17:53:02.267538"], ["updated_at", "2021-11-24 17:53:02.267538"], ["account_id", 1]]
  [1m[36mTRANSACTION (0.4ms)[0m  [1m[35mCOMMIT[0m
  [1m[36mTRANSACTION (0.1ms)[0m  [1m[35mBEGIN[0m
  [1m[36mUser Exists? (0.2ms)[0m  [1m[34mSELECT 1 AS one FROM "users" WHERE LOWER("users"."email") = LOWER($1) LIMIT $2[0m  [["email", "adriana@wealthify.com"], ["LIMIT", 1]]
  [1m[36mUser Create (0.3ms)[0m  [1m[32mINSERT INTO "users" ("first_name", "last_name", "email", "password_digest", "created_at", "updated_at", "referral_code") VALUES ($1, $2, $3, $4, $5, $6, $7) RETURNING "id"[0m  [["first_name", "Adriana"], ["last_name", "Calvo-Matos"], ["email", "adriana@wealthify.com"], ["password_digest", "$2a$12$8YSWbJd/Yy5ykN.9t/Q90.SrtHX10q1j.2ougPE/x6adjrqVCDzJS"], ["created_at", "2021-11-24 17:53:02.273759"], ["updated_at", "2021-11-24 17:53:02.273759"], ["referral_code", "ac6b9h"]]
  [1m[36mTRANSACTION (0.3ms)[0m  [1m[35mCOMMIT[0m
  [1m[36mTRANSACTION (0.1ms)[0m  [1m[35mBEGIN[0m
  [1m[36mUser Load (0.2ms)[0m  [1m[34mSELECT "users".* FROM "users" WHERE "users"."id" = $1 LIMIT $2[0m  [["id", 2], ["LIMIT", 1]]
  [1m[36mAccount Create (0.4ms)[0m  [1m[32mINSERT INTO "accounts" ("cash_balance", "stock_balance", "total_balance", "created_at", "updated_at", "user_id", "referral_bonus", "signup_bonus") VALUES ($1, $2, $3, $4, $5, $6, $7, $8) RETURNING "id"[0m  [["cash_balance", 1770.0], ["stock_balance", 8230.0], ["total_balance", 10000.0], ["created_at", "2021-11-24 17:53:02.292648"], ["updated_at", "2021-11-24 17:53:02.292648"], ["user_id", 2], ["referral_bonus", 0], ["signup_bonus", false]]
  [1m[36mTRANSACTION (0.3ms)[0m  [1m[35mCOMMIT[0m
  [1m[36mTRANSACTION (0.1ms)[0m  [1m[35mBEGIN[0m
  [1m[36mAccount Load (0.2ms)[0m  [1m[34mSELECT "accounts".* FROM "accounts" WHERE "accounts"."id" = $1 LIMIT $2[0m  [["id", 2], ["LIMIT", 1]]
  [1m[36mPortfolio Create (0.4ms)[0m  [1m[32mINSERT INTO "portfolios" ("ticker", "quantity", "current_spot_price", "created_at", "updated_at", "account_id") VALUES ($1, $2, $3, $4, $5, $6) RETURNING "id"[0m  [["ticker", "SHOP"], ["quantity", 3.0], ["current_spot_price", 1600.0], ["created_at", "2021-11-24 17:53:02.299321"], ["updated_at", "2021-11-24 17:53:02.299321"], ["account_id", 2]]
  [1m[36mTRANSACTION (0.4ms)[0m  [1m[35mCOMMIT[0m
  [1m[36mTRANSACTION (0.1ms)[0m  [1m[35mBEGIN[0m
  [1m[36mAccount Load (0.2ms)[0m  [1m[34mSELECT "accounts".* FROM "accounts" WHERE "accounts"."id" = $1 LIMIT $2[0m  [["id", 2], ["LIMIT", 1]]
  [1m[36mPortfolio Create (0.2ms)[0m  [1m[32mINSERT INTO "portfolios" ("ticker", "quantity", "current_spot_price", "created_at", "updated_at", "account_id") VALUES ($1, $2, $3, $4, $5, $6) RETURNING "id"[0m  [["ticker", "MSFT"], ["quantity", 10.0], ["current_spot_price", 343.0], ["created_at", "2021-11-24 17:53:02.305649"], ["updated_at", "2021-11-24 17:53:02.305649"], ["account_id", 2]]
  [1m[36mTRANSACTION (0.3ms)[0m  [1m[35mCOMMIT[0m
  [1m[36mTRANSACTION (0.1ms)[0m  [1m[35mBEGIN[0m
  [1m[36mAccount Load (0.1ms)[0m  [1m[34mSELECT "accounts".* FROM "accounts" WHERE "accounts"."id" = $1 LIMIT $2[0m  [["id", 2], ["LIMIT", 1]]
  [1m[36mTransaction Create (0.3ms)[0m  [1m[32mINSERT INTO "transactions" ("ticker", "trade", "quantity", "settled_price", "created_at", "updated_at", "account_id") VALUES ($1, $2, $3, $4, $5, $6, $7) RETURNING "id"[0m  [["ticker", "SHOP"], ["trade", 1], ["quantity", 3.0], ["settled_price", 1600.0], ["created_at", "2021-11-24 17:53:02.311840"], ["updated_at", "2021-11-24 17:53:02.311840"], ["account_id", 2]]
  [1m[36mTRANSACTION (0.2ms)[0m  [1m[35mCOMMIT[0m
  [1m[36mTRANSACTION (0.1ms)[0m  [1m[35mBEGIN[0m
  [1m[36mAccount Load (0.1ms)[0m  [1m[34mSELECT "accounts".* FROM "accounts" WHERE "accounts"."id" = $1 LIMIT $2[0m  [["id", 2], ["LIMIT", 1]]
  [1m[36mTransaction Create (0.4ms)[0m  [1m[32mINSERT INTO "transactions" ("ticker", "trade", "quantity", "settled_price", "created_at", "updated_at", "account_id") VALUES ($1, $2, $3, $4, $5, $6, $7) RETURNING "id"[0m  [["ticker", "MSFT"], ["trade", 1], ["quantity", 10.0], ["settled_price", 343.0], ["created_at", "2021-11-24 17:53:02.317756"], ["updated_at", "2021-11-24 17:53:02.317756"], ["account_id", 2]]
  [1m[36mTRANSACTION (0.3ms)[0m  [1m[35mCOMMIT[0m
  [1m[36mTRANSACTION (0.1ms)[0m  [1m[35mBEGIN[0m
  [1m[36mUser Exists? (0.2ms)[0m  [1m[34mSELECT 1 AS one FROM "users" WHERE LOWER("users"."email") = LOWER($1) LIMIT $2[0m  [["email", "aaron@gmail.com"], ["LIMIT", 1]]
  [1m[36mUser Create (0.3ms)[0m  [1m[32mINSERT INTO "users" ("first_name", "last_name", "email", "password_digest", "created_at", "updated_at", "referral_code") VALUES ($1, $2, $3, $4, $5, $6, $7) RETURNING "id"[0m  [["first_name", "Aaron"], ["last_name", "Tenn"], ["email", "aaron@gmail.com"], ["password_digest", "$2a$12$8YSWbJd/Yy5ykN.9t/Q90.SrtHX10q1j.2ougPE/x6adjrqVCDzJS"], ["created_at", "2021-11-24 17:53:02.323546"], ["updated_at", "2021-11-24 17:53:02.323546"], ["referral_code", "hz6b9e"]]
  [1m[36mTRANSACTION (0.3ms)[0m  [1m[35mCOMMIT[0m
  [1m[36mTRANSACTION (0.1ms)[0m  [1m[35mBEGIN[0m
  [1m[36mUser Load (0.1ms)[0m  [1m[34mSELECT "users".* FROM "users" WHERE "users"."id" = $1 LIMIT $2[0m  [["id", 3], ["LIMIT", 1]]
  [1m[36mAccount Create (0.2ms)[0m  [1m[32mINSERT INTO "accounts" ("cash_balance", "stock_balance", "total_balance", "created_at", "updated_at", "user_id", "referral_bonus", "signup_bonus") VALUES ($1, $2, $3, $4, $5, $6, $7, $8) RETURNING "id"[0m  [["cash_balance", 4515.0], ["stock_balance", 5485.0], ["total_balance", 10000.0], ["created_at", "2021-11-24 17:53:02.329794"], ["updated_at", "2021-11-24 17:53:02.329794"], ["user_id", 3], ["referral_bonus", 0], ["signup_bonus", false]]
  [1m[36mTRANSACTION (0.3ms)[0m  [1m[35mCOMMIT[0m
  [1m[36mTRANSACTION (0.1ms)[0m  [1m[35mBEGIN[0m
  [1m[36mAccount Load (0.1ms)[0m  [1m[34mSELECT "accounts".* FROM "accounts" WHERE "accounts"."id" = $1 LIMIT $2[0m  [["id", 3], ["LIMIT", 1]]
  [1m[36mPortfolio Create (0.2ms)[0m  [1m[32mINSERT INTO "portfolios" ("ticker", "quantity", "current_spot_price", "created_at", "updated_at", "account_id") VALUES ($1, $2, $3, $4, $5, $6) RETURNING "id"[0m  [["ticker", "WISH"], ["quantity", 50.0], ["current_spot_price", 4.0], ["created_at", "2021-11-24 17:53:02.336095"], ["updated_at", "2021-11-24 17:53:02.336095"], ["account_id", 3]]
  [1m[36mTRANSACTION (0.2ms)[0m  [1m[35mCOMMIT[0m
  [1m[36mTRANSACTION (0.1ms)[0m  [1m[35mBEGIN[0m
  [1m[36mAccount Load (0.1ms)[0m  [1m[34mSELECT "accounts".* FROM "accounts" WHERE "accounts"."id" = $1 LIMIT $2[0m  [["id", 3], ["LIMIT", 1]]
  [1m[36mPortfolio Create (0.4ms)[0m  [1m[32mINSERT INTO "portfolios" ("ticker", "quantity", "current_spot_price", "created_at", "updated_at", "account_id") VALUES ($1, $2, $3, $4, $5, $6) RETURNING "id"[0m  [["ticker", "AMSC"], ["quantity", 5.0], ["current_spot_price", 15.0], ["created_at", "2021-11-24 17:53:02.341963"], ["updated_at", "2021-11-24 17:53:02.341963"], ["account_id", 3]]
  [1m[36mTRANSACTION (0.2ms)[0m  [1m[35mCOMMIT[0m
  [1m[36mTRANSACTION (0.1ms)[0m  [1m[35mBEGIN[0m
  [1m[36mAccount Load (0.1ms)[0m  [1m[34mSELECT "accounts".* FROM "accounts" WHERE "accounts"."id" = $1 LIMIT $2[0m  [["id", 3], ["LIMIT", 1]]
  [1m[36mPortfolio Create (0.3ms)[0m  [1m[32mINSERT INTO "portfolios" ("ticker", "quantity", "current_spot_price", "created_at", "updated_at", "account_id") VALUES ($1, $2, $3, $4, $5, $6) RETURNING "id"[0m  [["ticker", "AAPL"], ["quantity", 20.0], ["current_spot_price", 158.0], ["created_at", "2021-11-24 17:53:02.347891"], ["updated_at", "2021-11-24 17:53:02.347891"], ["account_id", 3]]
  [1m[36mTRANSACTION (0.3ms)[0m  [1m[35mCOMMIT[0m
  [1m[36mTRANSACTION (0.1ms)[0m  [1m[35mBEGIN[0m
  [1m[36mAccount Load (0.1ms)[0m  [1m[34mSELECT "accounts".* FROM "accounts" WHERE "accounts"."id" = $1 LIMIT $2[0m  [["id", 3], ["LIMIT", 1]]
  [1m[36mPortfolio Create (0.2ms)[0m  [1m[32mINSERT INTO "portfolios" ("ticker", "quantity", "current_spot_price", "created_at", "updated_at", "account_id") VALUES ($1, $2, $3, $4, $5, $6) RETURNING "id"[0m  [["ticker", "AMC"], ["quantity", 50.0], ["current_spot_price", 41.0], ["created_at", "2021-11-24 17:53:02.353882"], ["updated_at", "2021-11-24 17:53:02.353882"], ["account_id", 3]]
  [1m[36mTRANSACTION (0.3ms)[0m  [1m[35mCOMMIT[0m
  [1m[36mTRANSACTION (0.1ms)[0m  [1m[35mBEGIN[0m
  [1m[36mAccount Load (0.1ms)[0m  [1m[34mSELECT "accounts".* FROM "accounts" WHERE "accounts"."id" = $1 LIMIT $2[0m  [["id", 3], ["LIMIT", 1]]
  [1m[36mTransaction Create (0.2ms)[0m  [1m[32mINSERT INTO "transactions" ("ticker", "trade", "quantity", "settled_price", "created_at", "updated_at", "account_id") VALUES ($1, $2, $3, $4, $5, $6, $7) RETURNING "id"[0m  [["ticker", "WISH"], ["trade", 1], ["quantity", 50.0], ["settled_price", 4.0], ["created_at", "2021-11-24 17:53:02.359970"], ["updated_at", "2021-11-24 17:53:02.359970"], ["account_id", 3]]
  [1m[36mTRANSACTION (0.2ms)[0m  [1m[35mCOMMIT[0m
  [1m[36mTRANSACTION (0.1ms)[0m  [1m[35mBEGIN[0m
  [1m[36mAccount Load (0.1ms)[0m  [1m[34mSELECT "accounts".* FROM "accounts" WHERE "accounts"."id" = $1 LIMIT $2[0m  [["id", 3], ["LIMIT", 1]]
  [1m[36mTransaction Create (0.4ms)[0m  [1m[32mINSERT INTO "transactions" ("ticker", "trade", "quantity", "settled_price", "created_at", "updated_at", "account_id") VALUES ($1, $2, $3, $4, $5, $6, $7) RETURNING "id"[0m  [["ticker", "AMSC"], ["trade", 1], ["quantity", 5.0], ["settled_price", 15.0], ["created_at", "2021-11-24 17:53:02.365886"], ["updated_at", "2021-11-24 17:53:02.365886"], ["account_id", 3]]
  [1m[36mTRANSACTION (0.3ms)[0m  [1m[35mCOMMIT[0m
  [1m[36mTRANSACTION (0.1ms)[0m  [1m[35mBEGIN[0m
  [1m[36mAccount Load (0.1ms)[0m  [1m[34mSELECT "accounts".* FROM "accounts" WHERE "accounts"."id" = $1 LIMIT $2[0m  [["id", 3], ["LIMIT", 1]]
  [1m[36mTransaction Create (0.3ms)[0m  [1m[32mINSERT INTO "transactions" ("ticker", "trade", "quantity", "settled_price", "created_at", "updated_at", "account_id") VALUES ($1, $2, $3, $4, $5, $6, $7) RETURNING "id"[0m  [["ticker", "AAPL"], ["trade", 1], ["quantity", 20.0], ["settled_price", 158.0], ["created_at", "2021-11-24 17:53:02.371963"], ["updated_at", "2021-11-24 17:53:02.371963"], ["account_id", 3]]
  [1m[36mTRANSACTION (0.3ms)[0m  [1m[35mCOMMIT[0m
  [1m[36mTRANSACTION (0.1ms)[0m  [1m[35mBEGIN[0m
  [1m[36mAccount Load (0.1ms)[0m  [1m[34mSELECT "accounts".* FROM "accounts" WHERE "accounts"."id" = $1 LIMIT $2[0m  [["id", 3], ["LIMIT", 1]]
  [1m[36mTransaction Create (0.2ms)[0m  [1m[32mINSERT INTO "transactions" ("ticker", "trade", "quantity", "settled_price", "created_at", "updated_at", "account_id") VALUES ($1, $2, $3, $4, $5, $6, $7) RETURNING "id"[0m  [["ticker", "AMC"], ["trade", 1], ["quantity", 50.0], ["settled_price", 41.0], ["created_at", "2021-11-24 17:53:02.377973"], ["updated_at", "2021-11-24 17:53:02.377973"], ["account_id", 3]]
  [1m[36mTRANSACTION (0.3ms)[0m  [1m[35mCOMMIT[0m
  [1m[36mTRANSACTION (0.1ms)[0m  [1m[35mBEGIN[0m
  [1m[36mUser Exists? (0.3ms)[0m  [1m[34mSELECT 1 AS one FROM "users" WHERE LOWER("users"."email") = LOWER($1) LIMIT $2[0m  [["email", "niubrandon@gmail.com"], ["LIMIT", 1]]
  [1m[36mUser Create (0.3ms)[0m  [1m[32mINSERT INTO "users" ("first_name", "last_name", "email", "password_digest", "created_at", "updated_at", "referral_code") VALUES ($1, $2, $3, $4, $5, $6, $7) RETURNING "id"[0m  [["first_name", "Brandon"], ["last_name", "Niu"], ["email", "niubrandon@gmail.com"], ["password_digest", "$2a$12$8YSWbJd/Yy5ykN.9t/Q90.SrtHX10q1j.2ougPE/x6adjrqVCDzJS"], ["created_at", "2021-11-24 17:53:02.383631"], ["updated_at", "2021-11-24 17:53:02.383631"], ["referral_code", "z16b7z"]]
  [1m[36mTRANSACTION (0.2ms)[0m  [1m[35mCOMMIT[0m
  [1m[36mTRANSACTION (0.1ms)[0m  [1m[35mBEGIN[0m
  [1m[36mUser Load (0.2ms)[0m  [1m[34mSELECT "users".* FROM "users" WHERE "users"."id" = $1 LIMIT $2[0m  [["id", 4], ["LIMIT", 1]]
  [1m[36mAccount Create (0.4ms)[0m  [1m[32mINSERT INTO "accounts" ("cash_balance", "stock_balance", "total_balance", "created_at", "updated_at", "user_id", "referral_bonus", "signup_bonus") VALUES ($1, $2, $3, $4, $5, $6, $7, $8) RETURNING "id"[0m  [["cash_balance", 5.5], ["stock_balance", 9994.5], ["total_balance", 10000.0], ["created_at", "2021-11-24 17:53:02.389913"], ["updated_at", "2021-11-24 17:53:02.389913"], ["user_id", 4], ["referral_bonus", 0], ["signup_bonus", false]]
  [1m[36mTRANSACTION (0.4ms)[0m  [1m[35mCOMMIT[0m
  [1m[36mTRANSACTION (0.1ms)[0m  [1m[35mBEGIN[0m
  [1m[36mAccount Load (0.1ms)[0m  [1m[34mSELECT "accounts".* FROM "accounts" WHERE "accounts"."id" = $1 LIMIT $2[0m  [["id", 4], ["LIMIT", 1]]
  [1m[36mPortfolio Create (0.3ms)[0m  [1m[32mINSERT INTO "portfolios" ("ticker", "quantity", "current_spot_price", "created_at", "updated_at", "account_id") VALUES ($1, $2, $3, $4, $5, $6) RETURNING "id"[0m  [["ticker", "ETH-USD"], ["quantity", 0.5], ["current_spot_price", 3999.0], ["created_at", "2021-11-24 17:53:02.396424"], ["updated_at", "2021-11-24 17:53:02.396424"], ["account_id", 4]]
  [1m[36mTRANSACTION (0.4ms)[0m  [1m[35mCOMMIT[0m
  [1m[36mTRANSACTION (0.2ms)[0m  [1m[35mBEGIN[0m
  [1m[36mAccount Load (0.1ms)[0m  [1m[34mSELECT "accounts".* FROM "accounts" WHERE "accounts"."id" = $1 LIMIT $2[0m  [["id", 4], ["LIMIT", 1]]
  [1m[36mPortfolio Create (0.3ms)[0m  [1m[32mINSERT INTO "portfolios" ("ticker", "quantity", "current_spot_price", "created_at", "updated_at", "account_id") VALUES ($1, $2, $3, $4, $5, $6) RETURNING "id"[0m  [["ticker", "BTC-USD"], ["quantity", 0.01], ["current_spot_price", 57500.0], ["created_at", "2021-11-24 17:53:02.411050"], ["updated_at", "2021-11-24 17:53:02.411050"], ["account_id", 4]]
  [1m[36mTRANSACTION (0.3ms)[0m  [1m[35mCOMMIT[0m
  [1m[36mTRANSACTION (0.1ms)[0m  [1m[35mBEGIN[0m
  [1m[36mAccount Load (0.2ms)[0m  [1m[34mSELECT "accounts".* FROM "accounts" WHERE "accounts"."id" = $1 LIMIT $2[0m  [["id", 4], ["LIMIT", 1]]
  [1m[36mPortfolio Create (0.3ms)[0m  [1m[32mINSERT INTO "portfolios" ("ticker", "quantity", "current_spot_price", "created_at", "updated_at", "account_id") VALUES ($1, $2, $3, $4, $5, $6) RETURNING "id"[0m  [["ticker", "DOT1-USD"], ["quantity", 100.0], ["current_spot_price", 38.5], ["created_at", "2021-11-24 17:53:02.417483"], ["updated_at", "2021-11-24 17:53:02.417483"], ["account_id", 4]]
  [1m[36mTRANSACTION (0.2ms)[0m  [1m[35mCOMMIT[0m
  [1m[36mTRANSACTION (0.1ms)[0m  [1m[35mBEGIN[0m
  [1m[36mAccount Load (0.1ms)[0m  [1m[34mSELECT "accounts".* FROM "accounts" WHERE "accounts"."id" = $1 LIMIT $2[0m  [["id", 4], ["LIMIT", 1]]
  [1m[36mPortfolio Create (0.2ms)[0m  [1m[32mINSERT INTO "portfolios" ("ticker", "quantity", "current_spot_price", "created_at", "updated_at", "account_id") VALUES ($1, $2, $3, $4, $5, $6) RETURNING "id"[0m  [["ticker", "TLRY"], ["quantity", 300.0], ["current_spot_price", 10.7], ["created_at", "2021-11-24 17:53:02.423410"], ["updated_at", "2021-11-24 17:53:02.423410"], ["account_id", 4]]
  [1m[36mTRANSACTION (0.4ms)[0m  [1m[35mCOMMIT[0m
  [1m[36mTRANSACTION (0.1ms)[0m  [1m[35mBEGIN[0m
  [1m[36mAccount Load (0.1ms)[0m  [1m[34mSELECT "accounts".* FROM "accounts" WHERE "accounts"."id" = $1 LIMIT $2[0m  [["id", 4], ["LIMIT", 1]]
  [1m[36mPortfolio Create (0.2ms)[0m  [1m[32mINSERT INTO "portfolios" ("ticker", "quantity", "current_spot_price", "created_at", "updated_at", "account_id") VALUES ($1, $2, $3, $4, $5, $6) RETURNING "id"[0m  [["ticker", "CGC"], ["quantity", 30.0], ["current_spot_price", 12.0], ["created_at", "2021-11-24 17:53:02.429372"], ["updated_at", "2021-11-24 17:53:02.429372"], ["account_id", 4]]
  [1m[36mTRANSACTION (0.2ms)[0m  [1m[35mCOMMIT[0m
  [1m[36mTRANSACTION (0.1ms)[0m  [1m[35mBEGIN[0m
  [1m[36mAccount Load (0.1ms)[0m  [1m[34mSELECT "accounts".* FROM "accounts" WHERE "accounts"."id" = $1 LIMIT $2[0m  [["id", 4], ["LIMIT", 1]]
  [1m[36mTransaction Create (0.4ms)[0m  [1m[32mINSERT INTO "transactions" ("ticker", "trade", "quantity", "settled_price", "created_at", "updated_at", "account_id") VALUES ($1, $2, $3, $4, $5, $6, $7) RETURNING "id"[0m  [["ticker", "ETH-USD"], ["trade", 1], ["quantity", 0.5], ["settled_price", 3999.0], ["created_at", "2021-11-24 17:53:02.435368"], ["updated_at", "2021-11-24 17:53:02.435368"], ["account_id", 4]]
  [1m[36mTRANSACTION (0.3ms)[0m  [1m[35mCOMMIT[0m
  [1m[36mTRANSACTION (0.1ms)[0m  [1m[35mBEGIN[0m
  [1m[36mAccount Load (0.1ms)[0m  [1m[34mSELECT "accounts".* FROM "accounts" WHERE "accounts"."id" = $1 LIMIT $2[0m  [["id", 4], ["LIMIT", 1]]
  [1m[36mTransaction Create (0.2ms)[0m  [1m[32mINSERT INTO "transactions" ("ticker", "trade", "quantity", "settled_price", "created_at", "updated_at", "account_id") VALUES ($1, $2, $3, $4, $5, $6, $7) RETURNING "id"[0m  [["ticker", "BTC-USD"], ["trade", 1], ["quantity", 0.01], ["settled_price", 57500.0], ["created_at", "2021-11-24 17:53:02.441544"], ["updated_at", "2021-11-24 17:53:02.441544"], ["account_id", 4]]
  [1m[36mTRANSACTION (0.2ms)[0m  [1m[35mCOMMIT[0m
  [1m[36mTRANSACTION (0.1ms)[0m  [1m[35mBEGIN[0m
  [1m[36mAccount Load (0.1ms)[0m  [1m[34mSELECT "accounts".* FROM "accounts" WHERE "accounts"."id" = $1 LIMIT $2[0m  [["id", 4], ["LIMIT", 1]]
  [1m[36mTransaction Create (0.2ms)[0m  [1m[32mINSERT INTO "transactions" ("ticker", "trade", "quantity", "settled_price", "created_at", "updated_at", "account_id") VALUES ($1, $2, $3, $4, $5, $6, $7) RETURNING "id"[0m  [["ticker", "DOT1-USD"], ["trade", 1], ["quantity", 100.0], ["settled_price", 38.5], ["created_at", "2021-11-24 17:53:02.447405"], ["updated_at", "2021-11-24 17:53:02.447405"], ["account_id", 4]]
  [1m[36mTRANSACTION (0.3ms)[0m  [1m[35mCOMMIT[0m
  [1m[36mTRANSACTION (0.1ms)[0m  [1m[35mBEGIN[0m
  [1m[36mAccount Load (0.1ms)[0m  [1m[34mSELECT "accounts".* FROM "accounts" WHERE "accounts"."id" = $1 LIMIT $2[0m  [["id", 4], ["LIMIT", 1]]
  [1m[36mTransaction Create (0.2ms)[0m  [1m[32mINSERT INTO "transactions" ("ticker", "trade", "quantity", "settled_price", "created_at", "updated_at", "account_id") VALUES ($1, $2, $3, $4, $5, $6, $7) RETURNING "id"[0m  [["ticker", "TLRY"], ["trade", 1], ["quantity", 300.0], ["settled_price", 10.7], ["created_at", "2021-11-24 17:53:02.453301"], ["updated_at", "2021-11-24 17:53:02.453301"], ["account_id", 4]]
  [1m[36mTRANSACTION (0.2ms)[0m  [1m[35mCOMMIT[0m
  [1m[36mTRANSACTION (0.1ms)[0m  [1m[35mBEGIN[0m
  [1m[36mAccount Load (0.1ms)[0m  [1m[34mSELECT "accounts".* FROM "accounts" WHERE "accounts"."id" = $1 LIMIT $2[0m  [["id", 4], ["LIMIT", 1]]
  [1m[36mTransaction Create (0.2ms)[0m  [1m[32mINSERT INTO "transactions" ("ticker", "trade", "quantity", "settled_price", "created_at", "updated_at", "account_id") VALUES ($1, $2, $3, $4, $5, $6, $7) RETURNING "id"[0m  [["ticker", "CGC"], ["trade", 1], ["quantity", 30.0], ["settled_price", 12.0], ["created_at", "2021-11-24 17:53:02.459136"], ["updated_at", "2021-11-24 17:53:02.459136"], ["account_id", 4]]
  [1m[36mTRANSACTION (0.5ms)[0m  [1m[35mCOMMIT[0m
Incoming Headers:
  Origin: http://localhost:3001
  Path-Info: /api/accounts
  Access-Control-Request-Method: GET
  Access-Control-Request-Headers: authorization
Preflight Headers:
  Access-Control-Allow-Origin: *
  Access-Control-Allow-Methods: GET, POST, DELETE, PUT, PATCH, OPTIONS, HEAD
  Access-Control-Expose-Headers: 
  Access-Control-Max-Age: 0
  Access-Control-Allow-Headers: authorization
Incoming Headers:
  Origin: http://localhost:3001
  Path-Info: /api/accounts
  Access-Control-Request-Method: 
  Access-Control-Request-Headers: 
Started GET "/api/accounts" for ::1 at 2021-11-24 12:53:15 -0500
  [1m[35m (0.6ms)[0m  [1m[34mSELECT "schema_migrations"."version" FROM "schema_migrations" ORDER BY "schema_migrations"."version" ASC[0m
Processing by AccountsController#index as HTML
  [1m[36mPortfolio Load (5.4ms)[0m  [1m[34mSELECT DISTINCT "portfolios"."ticker" FROM "portfolios"[0m
  ↳ app/controllers/accounts_controller.rb:136:in `each_with_index'
  [1m[36mPortfolio Load (1.0ms)[0m  [1m[34mSELECT "portfolios".* FROM "portfolios"[0m
  ↳ app/controllers/accounts_controller.rb:62:in `adjust_portfolio_spot_price'
  [1m[36mTRANSACTION (0.2ms)[0m  [1m[35mBEGIN[0m
  ↳ app/controllers/accounts_controller.rb:65:in `block in adjust_portfolio_spot_price'
  [1m[36mAccount Load (0.4ms)[0m  [1m[34mSELECT "accounts".* FROM "accounts" WHERE "accounts"."id" = $1 LIMIT $2[0m  [["id", 1], ["LIMIT", 1]]
  ↳ app/controllers/accounts_controller.rb:65:in `block in adjust_portfolio_spot_price'
  [1m[36mPortfolio Update (0.4ms)[0m  [1m[33mUPDATE "portfolios" SET "current_spot_price" = $1, "updated_at" = $2 WHERE "portfolios"."id" = $3[0m  [["current_spot_price", 161.44], ["updated_at", "2021-11-24 17:53:16.241950"], ["id", 1]]
  ↳ app/controllers/accounts_controller.rb:65:in `block in adjust_portfolio_spot_price'
  [1m[36mTRANSACTION (0.3ms)[0m  [1m[35mCOMMIT[0m
  ↳ app/controllers/accounts_controller.rb:65:in `block in adjust_portfolio_spot_price'
  [1m[36mTRANSACTION (0.1ms)[0m  [1m[35mBEGIN[0m
  ↳ app/controllers/accounts_controller.rb:65:in `block in adjust_portfolio_spot_price'
  [1m[36mAccount Load (0.2ms)[0m  [1m[34mSELECT "accounts".* FROM "accounts" WHERE "accounts"."id" = $1 LIMIT $2[0m  [["id", 1], ["LIMIT", 1]]
  ↳ app/controllers/accounts_controller.rb:65:in `block in adjust_portfolio_spot_price'
  [1m[36mPortfolio Update (0.2ms)[0m  [1m[33mUPDATE "portfolios" SET "current_spot_price" = $1, "updated_at" = $2 WHERE "portfolios"."id" = $3[0m  [["current_spot_price", 4213.3057], ["updated_at", "2021-11-24 17:53:16.254694"], ["id", 2]]
  ↳ app/controllers/accounts_controller.rb:65:in `block in adjust_portfolio_spot_price'
  [1m[36mTRANSACTION (0.2ms)[0m  [1m[35mCOMMIT[0m
  ↳ app/controllers/accounts_controller.rb:65:in `block in adjust_portfolio_spot_price'
  [1m[36mTRANSACTION (0.1ms)[0m  [1m[35mBEGIN[0m
  ↳ app/controllers/accounts_controller.rb:65:in `block in adjust_portfolio_spot_price'
  [1m[36mAccount Load (0.2ms)[0m  [1m[34mSELECT "accounts".* FROM "accounts" WHERE "accounts"."id" = $1 LIMIT $2[0m  [["id", 2], ["LIMIT", 1]]
  ↳ app/controllers/accounts_controller.rb:65:in `block in adjust_portfolio_spot_price'
  [1m[36mPortfolio Update (0.3ms)[0m  [1m[33mUPDATE "portfolios" SET "current_spot_price" = $1, "updated_at" = $2 WHERE "portfolios"."id" = $3[0m  [["current_spot_price", 1630.53], ["updated_at", "2021-11-24 17:53:16.261058"], ["id", 3]]
  ↳ app/controllers/accounts_controller.rb:65:in `block in adjust_portfolio_spot_price'
  [1m[36mTRANSACTION (0.2ms)[0m  [1m[35mCOMMIT[0m
  ↳ app/controllers/accounts_controller.rb:65:in `block in adjust_portfolio_spot_price'
  [1m[36mTRANSACTION (1.1ms)[0m  [1m[35mBEGIN[0m
  ↳ app/controllers/accounts_controller.rb:65:in `block in adjust_portfolio_spot_price'
  [1m[36mAccount Load (0.1ms)[0m  [1m[34mSELECT "accounts".* FROM "accounts" WHERE "accounts"."id" = $1 LIMIT $2[0m  [["id", 2], ["LIMIT", 1]]
  ↳ app/controllers/accounts_controller.rb:65:in `block in adjust_portfolio_spot_price'
  [1m[36mPortfolio Update (0.3ms)[0m  [1m[33mUPDATE "portfolios" SET "current_spot_price" = $1, "updated_at" = $2 WHERE "portfolios"."id" = $3[0m  [["current_spot_price", 336.38], ["updated_at", "2021-11-24 17:53:16.270072"], ["id", 4]]
  ↳ app/controllers/accounts_controller.rb:65:in `block in adjust_portfolio_spot_price'
  [1m[36mTRANSACTION (0.2ms)[0m  [1m[35mCOMMIT[0m
  ↳ app/controllers/accounts_controller.rb:65:in `block in adjust_portfolio_spot_price'
  [1m[36mTRANSACTION (0.1ms)[0m  [1m[35mBEGIN[0m
  ↳ app/controllers/accounts_controller.rb:65:in `block in adjust_portfolio_spot_price'
  [1m[36mAccount Load (0.1ms)[0m  [1m[34mSELECT "accounts".* FROM "accounts" WHERE "accounts"."id" = $1 LIMIT $2[0m  [["id", 3], ["LIMIT", 1]]
  ↳ app/controllers/accounts_controller.rb:65:in `block in adjust_portfolio_spot_price'
  [1m[36mPortfolio Update (0.1ms)[0m  [1m[33mUPDATE "portfolios" SET "current_spot_price" = $1, "updated_at" = $2 WHERE "portfolios"."id" = $3[0m  [["current_spot_price", 3.9246], ["updated_at", "2021-11-24 17:53:16.275953"], ["id", 5]]
  ↳ app/controllers/accounts_controller.rb:65:in `block in adjust_portfolio_spot_price'
  [1m[36mTRANSACTION (0.2ms)[0m  [1m[35mCOMMIT[0m
  ↳ app/controllers/accounts_controller.rb:65:in `block in adjust_portfolio_spot_price'
  [1m[36mTRANSACTION (0.1ms)[0m  [1m[35mBEGIN[0m
  ↳ app/controllers/accounts_controller.rb:65:in `block in adjust_portfolio_spot_price'
  [1m[36mAccount Load (0.2ms)[0m  [1m[34mSELECT "accounts".* FROM "accounts" WHERE "accounts"."id" = $1 LIMIT $2[0m  [["id", 3], ["LIMIT", 1]]
  ↳ app/controllers/accounts_controller.rb:65:in `block in adjust_portfolio_spot_price'
  [1m[36mPortfolio Update (0.3ms)[0m  [1m[33mUPDATE "portfolios" SET "current_spot_price" = $1, "updated_at" = $2 WHERE "portfolios"."id" = $3[0m  [["current_spot_price", 13.56], ["updated_at", "2021-11-24 17:53:16.281084"], ["id", 6]]
  ↳ app/controllers/accounts_controller.rb:65:in `block in adjust_portfolio_spot_price'
  [1m[36mTRANSACTION (0.2ms)[0m  [1m[35mCOMMIT[0m
  ↳ app/controllers/accounts_controller.rb:65:in `block in adjust_portfolio_spot_price'
  [1m[36mTRANSACTION (0.1ms)[0m  [1m[35mBEGIN[0m
  ↳ app/controllers/accounts_controller.rb:65:in `block in adjust_portfolio_spot_price'
  [1m[36mAccount Load (0.1ms)[0m  [1m[34mSELECT "accounts".* FROM "accounts" WHERE "accounts"."id" = $1 LIMIT $2[0m  [["id", 3], ["LIMIT", 1]]
  ↳ app/controllers/accounts_controller.rb:65:in `block in adjust_portfolio_spot_price'
  [1m[36mPortfolio Update (0.2ms)[0m  [1m[33mUPDATE "portfolios" SET "current_spot_price" = $1, "updated_at" = $2 WHERE "portfolios"."id" = $3[0m  [["current_spot_price", 161.44], ["updated_at", "2021-11-24 17:53:16.286751"], ["id", 7]]
  ↳ app/controllers/accounts_controller.rb:65:in `block in adjust_portfolio_spot_price'
  [1m[36mTRANSACTION (0.2ms)[0m  [1m[35mCOMMIT[0m
  ↳ app/controllers/accounts_controller.rb:65:in `block in adjust_portfolio_spot_price'
  [1m[36mTRANSACTION (0.1ms)[0m  [1m[35mBEGIN[0m
  ↳ app/controllers/accounts_controller.rb:65:in `block in adjust_portfolio_spot_price'
  [1m[36mAccount Load (0.1ms)[0m  [1m[34mSELECT "accounts".* FROM "accounts" WHERE "accounts"."id" = $1 LIMIT $2[0m  [["id", 3], ["LIMIT", 1]]
  ↳ app/controllers/accounts_controller.rb:65:in `block in adjust_portfolio_spot_price'
  [1m[36mPortfolio Update (0.2ms)[0m  [1m[33mUPDATE "portfolios" SET "current_spot_price" = $1, "updated_at" = $2 WHERE "portfolios"."id" = $3[0m  [["current_spot_price", 38.77], ["updated_at", "2021-11-24 17:53:16.291902"], ["id", 8]]
  ↳ app/controllers/accounts_controller.rb:65:in `block in adjust_portfolio_spot_price'
  [1m[36mTRANSACTION (0.2ms)[0m  [1m[35mCOMMIT[0m
  ↳ app/controllers/accounts_controller.rb:65:in `block in adjust_portfolio_spot_price'
  [1m[36mTRANSACTION (0.1ms)[0m  [1m[35mBEGIN[0m
  ↳ app/controllers/accounts_controller.rb:65:in `block in adjust_portfolio_spot_price'
  [1m[36mAccount Load (0.1ms)[0m  [1m[34mSELECT "accounts".* FROM "accounts" WHERE "accounts"."id" = $1 LIMIT $2[0m  [["id", 4], ["LIMIT", 1]]
  ↳ app/controllers/accounts_controller.rb:65:in `block in adjust_portfolio_spot_price'
  [1m[36mPortfolio Update (0.3ms)[0m  [1m[33mUPDATE "portfolios" SET "current_spot_price" = $1, "updated_at" = $2 WHERE "portfolios"."id" = $3[0m  [["current_spot_price", 4213.3057], ["updated_at", "2021-11-24 17:53:16.296914"], ["id", 9]]
  ↳ app/controllers/accounts_controller.rb:65:in `block in adjust_portfolio_spot_price'
  [1m[36mTRANSACTION (0.2ms)[0m  [1m[35mCOMMIT[0m
  ↳ app/controllers/accounts_controller.rb:65:in `block in adjust_portfolio_spot_price'
  [1m[36mTRANSACTION (0.1ms)[0m  [1m[35mBEGIN[0m
  ↳ app/controllers/accounts_controller.rb:65:in `block in adjust_portfolio_spot_price'
  [1m[36mAccount Load (0.1ms)[0m  [1m[34mSELECT "accounts".* FROM "accounts" WHERE "accounts"."id" = $1 LIMIT $2[0m  [["id", 4], ["LIMIT", 1]]
  ↳ app/controllers/accounts_controller.rb:65:in `block in adjust_portfolio_spot_price'
  [1m[36mPortfolio Update (0.2ms)[0m  [1m[33mUPDATE "portfolios" SET "current_spot_price" = $1, "updated_at" = $2 WHERE "portfolios"."id" = $3[0m  [["current_spot_price", 56568.293], ["updated_at", "2021-11-24 17:53:16.301990"], ["id", 10]]
  ↳ app/controllers/accounts_controller.rb:65:in `block in adjust_portfolio_spot_price'
  [1m[36mTRANSACTION (0.2ms)[0m  [1m[35mCOMMIT[0m
  ↳ app/controllers/accounts_controller.rb:65:in `block in adjust_portfolio_spot_price'
  [1m[36mTRANSACTION (0.1ms)[0m  [1m[35mBEGIN[0m
  ↳ app/controllers/accounts_controller.rb:65:in `block in adjust_portfolio_spot_price'
  [1m[36mAccount Load (0.1ms)[0m  [1m[34mSELECT "accounts".* FROM "accounts" WHERE "accounts"."id" = $1 LIMIT $2[0m  [["id", 4], ["LIMIT", 1]]
  ↳ app/controllers/accounts_controller.rb:65:in `block in adjust_portfolio_spot_price'
  [1m[36mPortfolio Update (0.2ms)[0m  [1m[33mUPDATE "portfolios" SET "current_spot_price" = $1, "updated_at" = $2 WHERE "portfolios"."id" = $3[0m  [["current_spot_price", 38.566826], ["updated_at", "2021-11-24 17:53:16.306968"], ["id", 11]]
  ↳ app/controllers/accounts_controller.rb:65:in `block in adjust_portfolio_spot_price'
  [1m[36mTRANSACTION (0.2ms)[0m  [1m[35mCOMMIT[0m
  ↳ app/controllers/accounts_controller.rb:65:in `block in adjust_portfolio_spot_price'
  [1m[36mTRANSACTION (0.1ms)[0m  [1m[35mBEGIN[0m
  ↳ app/controllers/accounts_controller.rb:65:in `block in adjust_portfolio_spot_price'
  [1m[36mAccount Load (0.1ms)[0m  [1m[34mSELECT "accounts".* FROM "accounts" WHERE "accounts"."id" = $1 LIMIT $2[0m  [["id", 4], ["LIMIT", 1]]
  ↳ app/controllers/accounts_controller.rb:65:in `block in adjust_portfolio_spot_price'
  [1m[36mPortfolio Update (0.3ms)[0m  [1m[33mUPDATE "portfolios" SET "current_spot_price" = $1, "updated_at" = $2 WHERE "portfolios"."id" = $3[0m  [["current_spot_price", 11.775], ["updated_at", "2021-11-24 17:53:16.312086"], ["id", 13]]
  ↳ app/controllers/accounts_controller.rb:65:in `block in adjust_portfolio_spot_price'
  [1m[36mTRANSACTION (0.5ms)[0m  [1m[35mCOMMIT[0m
  ↳ app/controllers/accounts_controller.rb:65:in `block in adjust_portfolio_spot_price'
  [1m[36mAccount Load (0.1ms)[0m  [1m[34mSELECT "accounts".* FROM "accounts"[0m
  ↳ app/controllers/accounts_controller.rb:76:in `adjust_accounts_balance_from_updated_portfolios'
  [1m[36mPortfolio Load (0.2ms)[0m  [1m[34mSELECT "portfolios".* FROM "portfolios" WHERE "portfolios"."account_id" = $1[0m  [["account_id", 1]]
  ↳ app/controllers/accounts_controller.rb:80:in `block in adjust_accounts_balance_from_updated_portfolios'
  [1m[36mTRANSACTION (0.1ms)[0m  [1m[35mBEGIN[0m
  ↳ app/controllers/accounts_controller.rb:85:in `block in adjust_accounts_balance_from_updated_portfolios'
  [1m[36mUser Load (0.3ms)[0m  [1m[34mSELECT "users".* FROM "users" WHERE "users"."id" = $1 LIMIT $2[0m  [["id", 1], ["LIMIT", 1]]
  ↳ app/controllers/accounts_controller.rb:85:in `block in adjust_accounts_balance_from_updated_portfolios'
  [1m[36mAccount Update (0.4ms)[0m  [1m[33mUPDATE "accounts" SET "stock_balance" = $1, "total_balance" = $2, "updated_at" = $3 WHERE "accounts"."id" = $4[0m  [["stock_balance", 9548.758549999999], ["total_balance", 11548.758549999999], ["updated_at", "2021-11-24 17:53:16.338323"], ["id", 1]]
  ↳ app/controllers/accounts_controller.rb:85:in `block in adjust_accounts_balance_from_updated_portfolios'
  [1m[36mTRANSACTION (0.4ms)[0m  [1m[35mCOMMIT[0m
  ↳ app/controllers/accounts_controller.rb:85:in `block in adjust_accounts_balance_from_updated_portfolios'
  [1m[36mPortfolio Load (0.3ms)[0m  [1m[34mSELECT "portfolios".* FROM "portfolios" WHERE "portfolios"."account_id" = $1[0m  [["account_id", 2]]
  ↳ app/controllers/accounts_controller.rb:80:in `block in adjust_accounts_balance_from_updated_portfolios'
  [1m[36mTRANSACTION (0.1ms)[0m  [1m[35mBEGIN[0m
  ↳ app/controllers/accounts_controller.rb:85:in `block in adjust_accounts_balance_from_updated_portfolios'
  [1m[36mUser Load (0.1ms)[0m  [1m[34mSELECT "users".* FROM "users" WHERE "users"."id" = $1 LIMIT $2[0m  [["id", 2], ["LIMIT", 1]]
  ↳ app/controllers/accounts_controller.rb:85:in `block in adjust_accounts_balance_from_updated_portfolios'
  [1m[36mAccount Update (0.3ms)[0m  [1m[33mUPDATE "accounts" SET "stock_balance" = $1, "total_balance" = $2, "updated_at" = $3 WHERE "accounts"."id" = $4[0m  [["stock_balance", 8255.39], ["total_balance", 10025.39], ["updated_at", "2021-11-24 17:53:16.343830"], ["id", 2]]
  ↳ app/controllers/accounts_controller.rb:85:in `block in adjust_accounts_balance_from_updated_portfolios'
  [1m[36mTRANSACTION (0.3ms)[0m  [1m[35mCOMMIT[0m
  ↳ app/controllers/accounts_controller.rb:85:in `block in adjust_accounts_balance_from_updated_portfolios'
  [1m[36mPortfolio Load (0.1ms)[0m  [1m[34mSELECT "portfolios".* FROM "portfolios" WHERE "portfolios"."account_id" = $1[0m  [["account_id", 3]]
  ↳ app/controllers/accounts_controller.rb:80:in `block in adjust_accounts_balance_from_updated_portfolios'
  [1m[36mTRANSACTION (0.1ms)[0m  [1m[35mBEGIN[0m
  ↳ app/controllers/accounts_controller.rb:85:in `block in adjust_accounts_balance_from_updated_portfolios'
  [1m[36mUser Load (0.2ms)[0m  [1m[34mSELECT "users".* FROM "users" WHERE "users"."id" = $1 LIMIT $2[0m  [["id", 3], ["LIMIT", 1]]
  ↳ app/controllers/accounts_controller.rb:85:in `block in adjust_accounts_balance_from_updated_portfolios'
  [1m[36mAccount Update (0.3ms)[0m  [1m[33mUPDATE "accounts" SET "stock_balance" = $1, "total_balance" = $2, "updated_at" = $3 WHERE "accounts"."id" = $4[0m  [["stock_balance", 5431.33], ["total_balance", 9946.33], ["updated_at", "2021-11-24 17:53:16.348589"], ["id", 3]]
  ↳ app/controllers/accounts_controller.rb:85:in `block in adjust_accounts_balance_from_updated_portfolios'
  [1m[36mTRANSACTION (0.2ms)[0m  [1m[35mCOMMIT[0m
  ↳ app/controllers/accounts_controller.rb:85:in `block in adjust_accounts_balance_from_updated_portfolios'
  [1m[36mPortfolio Load (0.1ms)[0m  [1m[34mSELECT "portfolios".* FROM "portfolios" WHERE "portfolios"."account_id" = $1[0m  [["account_id", 4]]
  ↳ app/controllers/accounts_controller.rb:80:in `block in adjust_accounts_balance_from_updated_portfolios'
  [1m[36mTRANSACTION (0.1ms)[0m  [1m[35mBEGIN[0m
  ↳ app/controllers/accounts_controller.rb:85:in `block in adjust_accounts_balance_from_updated_portfolios'
  [1m[36mUser Load (0.2ms)[0m  [1m[34mSELECT "users".* FROM "users" WHERE "users"."id" = $1 LIMIT $2[0m  [["id", 4], ["LIMIT", 1]]
  ↳ app/controllers/accounts_controller.rb:85:in `block in adjust_accounts_balance_from_updated_portfolios'
  [1m[36mAccount Update (0.1ms)[0m  [1m[33mUPDATE "accounts" SET "stock_balance" = $1, "total_balance" = $2, "updated_at" = $3 WHERE "accounts"."id" = $4[0m  [["stock_balance", 10092.26838], ["total_balance", 10097.76838], ["updated_at", "2021-11-24 17:53:16.353276"], ["id", 4]]
  ↳ app/controllers/accounts_controller.rb:85:in `block in adjust_accounts_balance_from_updated_portfolios'
  [1m[36mTRANSACTION (0.2ms)[0m  [1m[35mCOMMIT[0m
  ↳ app/controllers/accounts_controller.rb:85:in `block in adjust_accounts_balance_from_updated_portfolios'
  [1m[36mAccount Load (0.2ms)[0m  [1m[34mSELECT "accounts".* FROM "accounts"[0m
  ↳ app/controllers/accounts_controller.rb:12:in `index'
  [1m[36mUser Load (0.3ms)[0m  [1m[34mSELECT "users".* FROM "users"[0m
  ↳ app/controllers/accounts_controller.rb:12:in `index'
Completed 200 OK in 591ms (Views: 3.0ms | ActiveRecord: 29.2ms | Allocations: 75951)


{"Access-Control-Allow-Origin"=>"*", "Access-Control-Allow-Methods"=>"GET, POST, DELETE, PUT, PATCH, OPTIONS, HEAD", "Access-Control-Expose-Headers"=>"", "Access-Control-Max-Age"=>"0"}
Incoming Headers:
  Origin: http://localhost:3001
  Path-Info: /users/login
  Access-Control-Request-Method: POST
  Access-Control-Request-Headers: content-type
Preflight Headers:
  Access-Control-Allow-Origin: *
  Access-Control-Allow-Methods: GET, POST, DELETE, PUT, PATCH, OPTIONS, HEAD
  Access-Control-Expose-Headers: 
  Access-Control-Max-Age: 0
  Access-Control-Allow-Headers: content-type
Incoming Headers:
  Origin: http://localhost:3001
  Path-Info: /users/login
  Access-Control-Request-Method: 
  Access-Control-Request-Headers: 
Started POST "/users/login" for ::1 at 2021-11-24 12:53:43 -0500
Processing by UsersController#login as HTML
  Parameters: {"user"=>{"email"=>"aaron@gmail.com", "password"=>"[FILTERED]"}}
  [1m[36mUser Load (0.3ms)[0m  [1m[34mSELECT "users".* FROM "users" WHERE "users"."email" = $1 LIMIT $2[0m  [["email", "aaron@gmail.com"], ["LIMIT", 1]]
  ↳ app/controllers/users_controller.rb:12:in `login'
Completed 200 OK in 715ms (Views: 0.2ms | ActiveRecord: 0.3ms | Allocations: 1083)


{"Access-Control-Allow-Origin"=>"*", "Access-Control-Allow-Methods"=>"GET, POST, DELETE, PUT, PATCH, OPTIONS, HEAD", "Access-Control-Expose-Headers"=>"", "Access-Control-Max-Age"=>"0"}
Incoming Headers:
  Origin: http://localhost:3001
  Path-Info: /api/accounts/3
  Access-Control-Request-Method: GET
  Access-Control-Request-Headers: authorization
Preflight Headers:
  Access-Control-Allow-Origin: *
  Access-Control-Allow-Methods: GET, POST, DELETE, PUT, PATCH, OPTIONS, HEAD
  Access-Control-Expose-Headers: 
  Access-Control-Max-Age: 0
  Access-Control-Allow-Headers: authorization
Incoming Headers:
  Origin: http://localhost:3001
  Path-Info: /api/accounts/3
  Access-Control-Request-Method: 
  Access-Control-Request-Headers: 
Started GET "/api/accounts/3" for ::1 at 2021-11-24 12:53:44 -0500
Processing by AccountsController#show as HTML
  Parameters: {"id"=>"3"}
  [1m[36mAccount Load (0.2ms)[0m  [1m[34mSELECT "accounts".* FROM "accounts" WHERE "accounts"."id" = $1 LIMIT $2[0m  [["id", 3], ["LIMIT", 1]]
  ↳ app/controllers/accounts_controller.rb:96:in `set_account'
  [1m[36mPortfolio Load (0.3ms)[0m  [1m[34mSELECT DISTINCT "portfolios"."ticker" FROM "portfolios"[0m
  ↳ app/controllers/accounts_controller.rb:136:in `each_with_index'
  [1m[36mPortfolio Load (0.8ms)[0m  [1m[34mSELECT "portfolios".* FROM "portfolios"[0m
  ↳ app/controllers/accounts_controller.rb:62:in `adjust_portfolio_spot_price'
  [1m[36mTRANSACTION (0.3ms)[0m  [1m[35mBEGIN[0m
  ↳ app/controllers/accounts_controller.rb:65:in `block in adjust_portfolio_spot_price'
  [1m[36mAccount Load (0.3ms)[0m  [1m[34mSELECT "accounts".* FROM "accounts" WHERE "accounts"."id" = $1 LIMIT $2[0m  [["id", 1], ["LIMIT", 1]]
  ↳ app/controllers/accounts_controller.rb:65:in `block in adjust_portfolio_spot_price'
  [1m[36mPortfolio Update (0.5ms)[0m  [1m[33mUPDATE "portfolios" SET "current_spot_price" = $1, "updated_at" = $2 WHERE "portfolios"."id" = $3[0m  [["current_spot_price", 161.42], ["updated_at", "2021-11-24 17:53:45.094197"], ["id", 1]]
  ↳ app/controllers/accounts_controller.rb:65:in `block in adjust_portfolio_spot_price'
  [1m[36mTRANSACTION (6.6ms)[0m  [1m[35mCOMMIT[0m
  ↳ app/controllers/accounts_controller.rb:65:in `block in adjust_portfolio_spot_price'
  [1m[36mTRANSACTION (0.2ms)[0m  [1m[35mBEGIN[0m
  ↳ app/controllers/accounts_controller.rb:65:in `block in adjust_portfolio_spot_price'
  [1m[36mAccount Load (0.2ms)[0m  [1m[34mSELECT "accounts".* FROM "accounts" WHERE "accounts"."id" = $1 LIMIT $2[0m  [["id", 1], ["LIMIT", 1]]
  ↳ app/controllers/accounts_controller.rb:65:in `block in adjust_portfolio_spot_price'
  [1m[36mTRANSACTION (0.1ms)[0m  [1m[35mCOMMIT[0m
  ↳ app/controllers/accounts_controller.rb:65:in `block in adjust_portfolio_spot_price'
  [1m[36mTRANSACTION (0.1ms)[0m  [1m[35mBEGIN[0m
  ↳ app/controllers/accounts_controller.rb:65:in `block in adjust_portfolio_spot_price'
  [1m[36mAccount Load (0.1ms)[0m  [1m[34mSELECT "accounts".* FROM "accounts" WHERE "accounts"."id" = $1 LIMIT $2[0m  [["id", 2], ["LIMIT", 1]]
  ↳ app/controllers/accounts_controller.rb:65:in `block in adjust_portfolio_spot_price'
  [1m[36mTRANSACTION (0.1ms)[0m  [1m[35mCOMMIT[0m
  ↳ app/controllers/accounts_controller.rb:65:in `block in adjust_portfolio_spot_price'
  [1m[36mCACHE Account Load (0.0ms)[0m  [1m[34mSELECT "accounts".* FROM "accounts" WHERE "accounts"."id" = $1 LIMIT $2[0m  [["id", 2], ["LIMIT", 1]]
  ↳ app/controllers/accounts_controller.rb:65:in `block in adjust_portfolio_spot_price'
  [1m[36mTRANSACTION (0.1ms)[0m  [1m[35mBEGIN[0m
  ↳ app/controllers/accounts_controller.rb:65:in `block in adjust_portfolio_spot_price'
  [1m[36mAccount Load (0.2ms)[0m  [1m[34mSELECT "accounts".* FROM "accounts" WHERE "accounts"."id" = $1 LIMIT $2[0m  [["id", 3], ["LIMIT", 1]]
  ↳ app/controllers/accounts_controller.rb:65:in `block in adjust_portfolio_spot_price'
  [1m[36mPortfolio Update (0.3ms)[0m  [1m[33mUPDATE "portfolios" SET "current_spot_price" = $1, "updated_at" = $2 WHERE "portfolios"."id" = $3[0m  [["current_spot_price", 3.935], ["updated_at", "2021-11-24 17:53:45.123379"], ["id", 5]]
  ↳ app/controllers/accounts_controller.rb:65:in `block in adjust_portfolio_spot_price'
  [1m[36mTRANSACTION (0.2ms)[0m  [1m[35mCOMMIT[0m
  ↳ app/controllers/accounts_controller.rb:65:in `block in adjust_portfolio_spot_price'
  [1m[36mTRANSACTION (0.1ms)[0m  [1m[35mBEGIN[0m
  ↳ app/controllers/accounts_controller.rb:65:in `block in adjust_portfolio_spot_price'
  [1m[36mAccount Load (0.1ms)[0m  [1m[34mSELECT "accounts".* FROM "accounts" WHERE "accounts"."id" = $1 LIMIT $2[0m  [["id", 3], ["LIMIT", 1]]
  ↳ app/controllers/accounts_controller.rb:65:in `block in adjust_portfolio_spot_price'
  [1m[36mTRANSACTION (0.1ms)[0m  [1m[35mCOMMIT[0m
  ↳ app/controllers/accounts_controller.rb:65:in `block in adjust_portfolio_spot_price'
  [1m[36mCACHE Account Load (0.0ms)[0m  [1m[34mSELECT "accounts".* FROM "accounts" WHERE "accounts"."id" = $1 LIMIT $2[0m  [["id", 3], ["LIMIT", 1]]
  ↳ app/controllers/accounts_controller.rb:65:in `block in adjust_portfolio_spot_price'
  [1m[36mTRANSACTION (0.1ms)[0m  [1m[35mBEGIN[0m
  ↳ app/controllers/accounts_controller.rb:65:in `block in adjust_portfolio_spot_price'
  [1m[36mPortfolio Update (0.4ms)[0m  [1m[33mUPDATE "portfolios" SET "current_spot_price" = $1, "updated_at" = $2 WHERE "portfolios"."id" = $3[0m  [["current_spot_price", 161.42], ["updated_at", "2021-11-24 17:53:45.132515"], ["id", 7]]
  ↳ app/controllers/accounts_controller.rb:65:in `block in adjust_portfolio_spot_price'
  [1m[36mTRANSACTION (0.3ms)[0m  [1m[35mCOMMIT[0m
  ↳ app/controllers/accounts_controller.rb:65:in `block in adjust_portfolio_spot_price'
  [1m[36mTRANSACTION (0.1ms)[0m  [1m[35mBEGIN[0m
  ↳ app/controllers/accounts_controller.rb:65:in `block in adjust_portfolio_spot_price'
  [1m[36mAccount Load (0.1ms)[0m  [1m[34mSELECT "accounts".* FROM "accounts" WHERE "accounts"."id" = $1 LIMIT $2[0m  [["id", 3], ["LIMIT", 1]]
  ↳ app/controllers/accounts_controller.rb:65:in `block in adjust_portfolio_spot_price'
  [1m[36mPortfolio Update (0.4ms)[0m  [1m[33mUPDATE "portfolios" SET "current_spot_price" = $1, "updated_at" = $2 WHERE "portfolios"."id" = $3[0m  [["current_spot_price", 38.76], ["updated_at", "2021-11-24 17:53:45.139043"], ["id", 8]]
  ↳ app/controllers/accounts_controller.rb:65:in `block in adjust_portfolio_spot_price'
  [1m[36mTRANSACTION (0.2ms)[0m  [1m[35mCOMMIT[0m
  ↳ app/controllers/accounts_controller.rb:65:in `block in adjust_portfolio_spot_price'
  [1m[36mTRANSACTION (0.1ms)[0m  [1m[35mBEGIN[0m
  ↳ app/controllers/accounts_controller.rb:65:in `block in adjust_portfolio_spot_price'
  [1m[36mAccount Load (0.1ms)[0m  [1m[34mSELECT "accounts".* FROM "accounts" WHERE "accounts"."id" = $1 LIMIT $2[0m  [["id", 4], ["LIMIT", 1]]
  ↳ app/controllers/accounts_controller.rb:65:in `block in adjust_portfolio_spot_price'
  [1m[36mTRANSACTION (0.1ms)[0m  [1m[35mCOMMIT[0m
  ↳ app/controllers/accounts_controller.rb:65:in `block in adjust_portfolio_spot_price'
  [1m[36mCACHE Account Load (0.0ms)[0m  [1m[34mSELECT "accounts".* FROM "accounts" WHERE "accounts"."id" = $1 LIMIT $2[0m  [["id", 4], ["LIMIT", 1]]
  ↳ app/controllers/accounts_controller.rb:65:in `block in adjust_portfolio_spot_price'
  [1m[36mCACHE Account Load (0.0ms)[0m  [1m[34mSELECT "accounts".* FROM "accounts" WHERE "accounts"."id" = $1 LIMIT $2[0m  [["id", 4], ["LIMIT", 1]]
  ↳ app/controllers/accounts_controller.rb:65:in `block in adjust_portfolio_spot_price'
  [1m[36mCACHE Account Load (0.0ms)[0m  [1m[34mSELECT "accounts".* FROM "accounts" WHERE "accounts"."id" = $1 LIMIT $2[0m  [["id", 4], ["LIMIT", 1]]
  ↳ app/controllers/accounts_controller.rb:65:in `block in adjust_portfolio_spot_price'
  [1m[36mAccount Load (0.3ms)[0m  [1m[34mSELECT "accounts".* FROM "accounts"[0m
  ↳ app/controllers/accounts_controller.rb:76:in `adjust_accounts_balance_from_updated_portfolios'
  [1m[36mPortfolio Load (0.3ms)[0m  [1m[34mSELECT "portfolios".* FROM "portfolios" WHERE "portfolios"."account_id" = $1[0m  [["account_id", 1]]
  ↳ app/controllers/accounts_controller.rb:80:in `block in adjust_accounts_balance_from_updated_portfolios'
  [1m[36mTRANSACTION (0.1ms)[0m  [1m[35mBEGIN[0m
  ↳ app/controllers/accounts_controller.rb:85:in `block in adjust_accounts_balance_from_updated_portfolios'
  [1m[36mUser Load (0.1ms)[0m  [1m[34mSELECT "users".* FROM "users" WHERE "users"."id" = $1 LIMIT $2[0m  [["id", 1], ["LIMIT", 1]]
  ↳ app/controllers/accounts_controller.rb:85:in `block in adjust_accounts_balance_from_updated_portfolios'
  [1m[36mAccount Update (0.2ms)[0m  [1m[33mUPDATE "accounts" SET "stock_balance" = $1, "total_balance" = $2, "updated_at" = $3 WHERE "accounts"."id" = $4[0m  [["stock_balance", 9548.358549999999], ["total_balance", 11548.358549999999], ["updated_at", "2021-11-24 17:53:45.172371"], ["id", 1]]
  ↳ app/controllers/accounts_controller.rb:85:in `block in adjust_accounts_balance_from_updated_portfolios'
  [1m[36mTRANSACTION (0.2ms)[0m  [1m[35mCOMMIT[0m
  ↳ app/controllers/accounts_controller.rb:85:in `block in adjust_accounts_balance_from_updated_portfolios'
  [1m[36mPortfolio Load (0.1ms)[0m  [1m[34mSELECT "portfolios".* FROM "portfolios" WHERE "portfolios"."account_id" = $1[0m  [["account_id", 2]]
  ↳ app/controllers/accounts_controller.rb:80:in `block in adjust_accounts_balance_from_updated_portfolios'
  [1m[36mTRANSACTION (0.1ms)[0m  [1m[35mBEGIN[0m
  ↳ app/controllers/accounts_controller.rb:85:in `block in adjust_accounts_balance_from_updated_portfolios'
  [1m[36mUser Load (0.1ms)[0m  [1m[34mSELECT "users".* FROM "users" WHERE "users"."id" = $1 LIMIT $2[0m  [["id", 2], ["LIMIT", 1]]
  ↳ app/controllers/accounts_controller.rb:85:in `block in adjust_accounts_balance_from_updated_portfolios'
  [1m[36mTRANSACTION (0.1ms)[0m  [1m[35mCOMMIT[0m
  ↳ app/controllers/accounts_controller.rb:85:in `block in adjust_accounts_balance_from_updated_portfolios'
  [1m[36mPortfolio Load (0.3ms)[0m  [1m[34mSELECT "portfolios".* FROM "portfolios" WHERE "portfolios"."account_id" = $1[0m  [["account_id", 3]]
  ↳ app/controllers/accounts_controller.rb:80:in `block in adjust_accounts_balance_from_updated_portfolios'
  [1m[36mTRANSACTION (0.1ms)[0m  [1m[35mBEGIN[0m
  ↳ app/controllers/accounts_controller.rb:85:in `block in adjust_accounts_balance_from_updated_portfolios'
  [1m[36mUser Load (0.2ms)[0m  [1m[34mSELECT "users".* FROM "users" WHERE "users"."id" = $1 LIMIT $2[0m  [["id", 3], ["LIMIT", 1]]
  ↳ app/controllers/accounts_controller.rb:85:in `block in adjust_accounts_balance_from_updated_portfolios'
  [1m[36mAccount Update (0.3ms)[0m  [1m[33mUPDATE "accounts" SET "stock_balance" = $1, "total_balance" = $2, "updated_at" = $3 WHERE "accounts"."id" = $4[0m  [["stock_balance", 5430.95], ["total_balance", 9945.95], ["updated_at", "2021-11-24 17:53:45.181876"], ["id", 3]]
  ↳ app/controllers/accounts_controller.rb:85:in `block in adjust_accounts_balance_from_updated_portfolios'
  [1m[36mTRANSACTION (0.2ms)[0m  [1m[35mCOMMIT[0m
  ↳ app/controllers/accounts_controller.rb:85:in `block in adjust_accounts_balance_from_updated_portfolios'
  [1m[36mPortfolio Load (0.2ms)[0m  [1m[34mSELECT "portfolios".* FROM "portfolios" WHERE "portfolios"."account_id" = $1[0m  [["account_id", 4]]
  ↳ app/controllers/accounts_controller.rb:80:in `block in adjust_accounts_balance_from_updated_portfolios'
  [1m[36mTRANSACTION (0.1ms)[0m  [1m[35mBEGIN[0m
  ↳ app/controllers/accounts_controller.rb:85:in `block in adjust_accounts_balance_from_updated_portfolios'
  [1m[36mUser Load (0.1ms)[0m  [1m[34mSELECT "users".* FROM "users" WHERE "users"."id" = $1 LIMIT $2[0m  [["id", 4], ["LIMIT", 1]]
  ↳ app/controllers/accounts_controller.rb:85:in `block in adjust_accounts_balance_from_updated_portfolios'
  [1m[36mTRANSACTION (0.2ms)[0m  [1m[35mCOMMIT[0m
  ↳ app/controllers/accounts_controller.rb:85:in `block in adjust_accounts_balance_from_updated_portfolios'
  [1m[36mPortfolio Load (0.4ms)[0m  [1m[34mSELECT "portfolios".* FROM "portfolios" WHERE (account_id = 3)[0m
  ↳ app/controllers/accounts_controller.rb:28:in `show'
  [1m[36mTransaction Load (0.5ms)[0m  [1m[34mSELECT "transactions".* FROM "transactions" WHERE (account_id = 3)[0m
  ↳ app/controllers/accounts_controller.rb:28:in `show'
Completed 200 OK in 512ms (Views: 9.5ms | ActiveRecord: 19.4ms | Allocations: 48647)


{"Access-Control-Allow-Origin"=>"*", "Access-Control-Allow-Methods"=>"GET, POST, DELETE, PUT, PATCH, OPTIONS, HEAD", "Access-Control-Expose-Headers"=>"", "Access-Control-Max-Age"=>"0"}
Incoming Headers:
  Origin: http://localhost:3001
  Path-Info: /api/accounts
  Access-Control-Request-Method: GET
  Access-Control-Request-Headers: authorization
Preflight Headers:
  Access-Control-Allow-Origin: *
  Access-Control-Allow-Methods: GET, POST, DELETE, PUT, PATCH, OPTIONS, HEAD
  Access-Control-Expose-Headers: 
  Access-Control-Max-Age: 0
  Access-Control-Allow-Headers: authorization
Incoming Headers:
  Origin: http://localhost:3001
  Path-Info: /api/accounts
  Access-Control-Request-Method: 
  Access-Control-Request-Headers: 
Started GET "/api/accounts" for ::1 at 2021-11-24 12:54:26 -0500
Processing by AccountsController#index as HTML
  [1m[36mPortfolio Load (0.5ms)[0m  [1m[34mSELECT DISTINCT "portfolios"."ticker" FROM "portfolios"[0m
  ↳ app/controllers/accounts_controller.rb:136:in `each_with_index'
  [1m[36mPortfolio Load (0.8ms)[0m  [1m[34mSELECT "portfolios".* FROM "portfolios"[0m
  ↳ app/controllers/accounts_controller.rb:62:in `adjust_portfolio_spot_price'
  [1m[36mTRANSACTION (0.3ms)[0m  [1m[35mBEGIN[0m
  ↳ app/controllers/accounts_controller.rb:65:in `block in adjust_portfolio_spot_price'
  [1m[36mAccount Load (0.4ms)[0m  [1m[34mSELECT "accounts".* FROM "accounts" WHERE "accounts"."id" = $1 LIMIT $2[0m  [["id", 1], ["LIMIT", 1]]
  ↳ app/controllers/accounts_controller.rb:65:in `block in adjust_portfolio_spot_price'
  [1m[36mPortfolio Update (0.7ms)[0m  [1m[33mUPDATE "portfolios" SET "current_spot_price" = $1, "updated_at" = $2 WHERE "portfolios"."id" = $3[0m  [["current_spot_price", 4217.769], ["updated_at", "2021-11-24 17:54:27.863563"], ["id", 2]]
  ↳ app/controllers/accounts_controller.rb:65:in `block in adjust_portfolio_spot_price'
  [1m[36mTRANSACTION (1.6ms)[0m  [1m[35mCOMMIT[0m
  ↳ app/controllers/accounts_controller.rb:65:in `block in adjust_portfolio_spot_price'
  [1m[36mTRANSACTION (0.2ms)[0m  [1m[35mBEGIN[0m
  ↳ app/controllers/accounts_controller.rb:65:in `block in adjust_portfolio_spot_price'
  [1m[36mAccount Load (0.3ms)[0m  [1m[34mSELECT "accounts".* FROM "accounts" WHERE "accounts"."id" = $1 LIMIT $2[0m  [["id", 2], ["LIMIT", 1]]
  ↳ app/controllers/accounts_controller.rb:65:in `block in adjust_portfolio_spot_price'
  [1m[36mTRANSACTION (0.2ms)[0m  [1m[35mCOMMIT[0m
  ↳ app/controllers/accounts_controller.rb:65:in `block in adjust_portfolio_spot_price'
  [1m[36mCACHE Account Load (0.0ms)[0m  [1m[34mSELECT "accounts".* FROM "accounts" WHERE "accounts"."id" = $1 LIMIT $2[0m  [["id", 2], ["LIMIT", 1]]
  ↳ app/controllers/accounts_controller.rb:65:in `block in adjust_portfolio_spot_price'
  [1m[36mTRANSACTION (0.2ms)[0m  [1m[35mBEGIN[0m
  ↳ app/controllers/accounts_controller.rb:65:in `block in adjust_portfolio_spot_price'
  [1m[36mPortfolio Update (0.6ms)[0m  [1m[33mUPDATE "portfolios" SET "current_spot_price" = $1, "updated_at" = $2 WHERE "portfolios"."id" = $3[0m  [["current_spot_price", 336.405], ["updated_at", "2021-11-24 17:54:27.880111"], ["id", 4]]
  ↳ app/controllers/accounts_controller.rb:65:in `block in adjust_portfolio_spot_price'
  [1m[36mTRANSACTION (0.5ms)[0m  [1m[35mCOMMIT[0m
  ↳ app/controllers/accounts_controller.rb:65:in `block in adjust_portfolio_spot_price'
  [1m[36mTRANSACTION (0.2ms)[0m  [1m[35mBEGIN[0m
  ↳ app/controllers/accounts_controller.rb:65:in `block in adjust_portfolio_spot_price'
  [1m[36mAccount Load (0.3ms)[0m  [1m[34mSELECT "accounts".* FROM "accounts" WHERE "accounts"."id" = $1 LIMIT $2[0m  [["id", 3], ["LIMIT", 1]]
  ↳ app/controllers/accounts_controller.rb:65:in `block in adjust_portfolio_spot_price'
  [1m[36mTRANSACTION (0.2ms)[0m  [1m[35mCOMMIT[0m
  ↳ app/controllers/accounts_controller.rb:65:in `block in adjust_portfolio_spot_price'
  [1m[36mTRANSACTION (0.1ms)[0m  [1m[35mBEGIN[0m
  ↳ app/controllers/accounts_controller.rb:65:in `block in adjust_portfolio_spot_price'
  [1m[36mAccount Load (0.2ms)[0m  [1m[34mSELECT "accounts".* FROM "accounts" WHERE "accounts"."id" = $1 LIMIT $2[0m  [["id", 4], ["LIMIT", 1]]
  ↳ app/controllers/accounts_controller.rb:65:in `block in adjust_portfolio_spot_price'
  [1m[36mPortfolio Update (0.6ms)[0m  [1m[33mUPDATE "portfolios" SET "current_spot_price" = $1, "updated_at" = $2 WHERE "portfolios"."id" = $3[0m  [["current_spot_price", 4217.769], ["updated_at", "2021-11-24 17:54:27.895638"], ["id", 9]]
  ↳ app/controllers/accounts_controller.rb:65:in `block in adjust_portfolio_spot_price'
  [1m[36mTRANSACTION (0.5ms)[0m  [1m[35mCOMMIT[0m
  ↳ app/controllers/accounts_controller.rb:65:in `block in adjust_portfolio_spot_price'
  [1m[36mTRANSACTION (0.2ms)[0m  [1m[35mBEGIN[0m
  ↳ app/controllers/accounts_controller.rb:65:in `block in adjust_portfolio_spot_price'
  [1m[36mAccount Load (0.2ms)[0m  [1m[34mSELECT "accounts".* FROM "accounts" WHERE "accounts"."id" = $1 LIMIT $2[0m  [["id", 4], ["LIMIT", 1]]
  ↳ app/controllers/accounts_controller.rb:65:in `block in adjust_portfolio_spot_price'
  [1m[36mPortfolio Update (0.5ms)[0m  [1m[33mUPDATE "portfolios" SET "current_spot_price" = $1, "updated_at" = $2 WHERE "portfolios"."id" = $3[0m  [["current_spot_price", 56600.836], ["updated_at", "2021-11-24 17:54:27.903527"], ["id", 10]]
  ↳ app/controllers/accounts_controller.rb:65:in `block in adjust_portfolio_spot_price'
  [1m[36mTRANSACTION (0.5ms)[0m  [1m[35mCOMMIT[0m
  ↳ app/controllers/accounts_controller.rb:65:in `block in adjust_portfolio_spot_price'
  [1m[36mTRANSACTION (0.2ms)[0m  [1m[35mBEGIN[0m
  ↳ app/controllers/accounts_controller.rb:65:in `block in adjust_portfolio_spot_price'
  [1m[36mAccount Load (0.3ms)[0m  [1m[34mSELECT "accounts".* FROM "accounts" WHERE "accounts"."id" = $1 LIMIT $2[0m  [["id", 4], ["LIMIT", 1]]
  ↳ app/controllers/accounts_controller.rb:65:in `block in adjust_portfolio_spot_price'
  [1m[36mPortfolio Update (0.6ms)[0m  [1m[33mUPDATE "portfolios" SET "current_spot_price" = $1, "updated_at" = $2 WHERE "portfolios"."id" = $3[0m  [["current_spot_price", 38.65819], ["updated_at", "2021-11-24 17:54:27.911520"], ["id", 11]]
  ↳ app/controllers/accounts_controller.rb:65:in `block in adjust_portfolio_spot_price'
  [1m[36mTRANSACTION (0.5ms)[0m  [1m[35mCOMMIT[0m
  ↳ app/controllers/accounts_controller.rb:65:in `block in adjust_portfolio_spot_price'
  [1m[36mTRANSACTION (0.1ms)[0m  [1m[35mBEGIN[0m
  ↳ app/controllers/accounts_controller.rb:65:in `block in adjust_portfolio_spot_price'
  [1m[36mAccount Load (0.2ms)[0m  [1m[34mSELECT "accounts".* FROM "accounts" WHERE "accounts"."id" = $1 LIMIT $2[0m  [["id", 4], ["LIMIT", 1]]
  ↳ app/controllers/accounts_controller.rb:65:in `block in adjust_portfolio_spot_price'
  [1m[36mPortfolio Update (0.4ms)[0m  [1m[33mUPDATE "portfolios" SET "current_spot_price" = $1, "updated_at" = $2 WHERE "portfolios"."id" = $3[0m  [["current_spot_price", 11.78], ["updated_at", "2021-11-24 17:54:27.919257"], ["id", 13]]
  ↳ app/controllers/accounts_controller.rb:65:in `block in adjust_portfolio_spot_price'
  [1m[36mTRANSACTION (0.4ms)[0m  [1m[35mCOMMIT[0m
  ↳ app/controllers/accounts_controller.rb:65:in `block in adjust_portfolio_spot_price'
  [1m[36mTRANSACTION (0.1ms)[0m  [1m[35mBEGIN[0m
  ↳ app/controllers/accounts_controller.rb:65:in `block in adjust_portfolio_spot_price'
  [1m[36mAccount Load (0.2ms)[0m  [1m[34mSELECT "accounts".* FROM "accounts" WHERE "accounts"."id" = $1 LIMIT $2[0m  [["id", 1], ["LIMIT", 1]]
  ↳ app/controllers/accounts_controller.rb:65:in `block in adjust_portfolio_spot_price'
  [1m[36mPortfolio Update (0.4ms)[0m  [1m[33mUPDATE "portfolios" SET "current_spot_price" = $1, "updated_at" = $2 WHERE "portfolios"."id" = $3[0m  [["current_spot_price", 161.445], ["updated_at", "2021-11-24 17:54:27.926582"], ["id", 1]]
  ↳ app/controllers/accounts_controller.rb:65:in `block in adjust_portfolio_spot_price'
  [1m[36mTRANSACTION (0.4ms)[0m  [1m[35mCOMMIT[0m
  ↳ app/controllers/accounts_controller.rb:65:in `block in adjust_portfolio_spot_price'
  [1m[36mTRANSACTION (0.1ms)[0m  [1m[35mBEGIN[0m
  ↳ app/controllers/accounts_controller.rb:65:in `block in adjust_portfolio_spot_price'
  [1m[36mAccount Load (0.2ms)[0m  [1m[34mSELECT "accounts".* FROM "accounts" WHERE "accounts"."id" = $1 LIMIT $2[0m  [["id", 3], ["LIMIT", 1]]
  ↳ app/controllers/accounts_controller.rb:65:in `block in adjust_portfolio_spot_price'
  [1m[36mPortfolio Update (0.4ms)[0m  [1m[33mUPDATE "portfolios" SET "current_spot_price" = $1, "updated_at" = $2 WHERE "portfolios"."id" = $3[0m  [["current_spot_price", 3.9572], ["updated_at", "2021-11-24 17:54:27.933125"], ["id", 5]]
  ↳ app/controllers/accounts_controller.rb:65:in `block in adjust_portfolio_spot_price'
  [1m[36mTRANSACTION (0.4ms)[0m  [1m[35mCOMMIT[0m
  ↳ app/controllers/accounts_controller.rb:65:in `block in adjust_portfolio_spot_price'
  [1m[36mTRANSACTION (0.1ms)[0m  [1m[35mBEGIN[0m
  ↳ app/controllers/accounts_controller.rb:65:in `block in adjust_portfolio_spot_price'
  [1m[36mAccount Load (0.2ms)[0m  [1m[34mSELECT "accounts".* FROM "accounts" WHERE "accounts"."id" = $1 LIMIT $2[0m  [["id", 3], ["LIMIT", 1]]
  ↳ app/controllers/accounts_controller.rb:65:in `block in adjust_portfolio_spot_price'
  [1m[36mPortfolio Update (0.3ms)[0m  [1m[33mUPDATE "portfolios" SET "current_spot_price" = $1, "updated_at" = $2 WHERE "portfolios"."id" = $3[0m  [["current_spot_price", 161.445], ["updated_at", "2021-11-24 17:54:27.939634"], ["id", 7]]
  ↳ app/controllers/accounts_controller.rb:65:in `block in adjust_portfolio_spot_price'
  [1m[36mTRANSACTION (0.4ms)[0m  [1m[35mCOMMIT[0m
  ↳ app/controllers/accounts_controller.rb:65:in `block in adjust_portfolio_spot_price'
  [1m[36mTRANSACTION (0.2ms)[0m  [1m[35mBEGIN[0m
  ↳ app/controllers/accounts_controller.rb:65:in `block in adjust_portfolio_spot_price'
  [1m[36mAccount Load (0.2ms)[0m  [1m[34mSELECT "accounts".* FROM "accounts" WHERE "accounts"."id" = $1 LIMIT $2[0m  [["id", 3], ["LIMIT", 1]]
  ↳ app/controllers/accounts_controller.rb:65:in `block in adjust_portfolio_spot_price'
  [1m[36mPortfolio Update (0.3ms)[0m  [1m[33mUPDATE "portfolios" SET "current_spot_price" = $1, "updated_at" = $2 WHERE "portfolios"."id" = $3[0m  [["current_spot_price", 38.74], ["updated_at", "2021-11-24 17:54:27.946779"], ["id", 8]]
  ↳ app/controllers/accounts_controller.rb:65:in `block in adjust_portfolio_spot_price'
  [1m[36mTRANSACTION (0.5ms)[0m  [1m[35mCOMMIT[0m
  ↳ app/controllers/accounts_controller.rb:65:in `block in adjust_portfolio_spot_price'
  [1m[36mAccount Load (0.3ms)[0m  [1m[34mSELECT "accounts".* FROM "accounts"[0m
  ↳ app/controllers/accounts_controller.rb:76:in `adjust_accounts_balance_from_updated_portfolios'
  [1m[36mPortfolio Load (0.2ms)[0m  [1m[34mSELECT "portfolios".* FROM "portfolios" WHERE "portfolios"."account_id" = $1[0m  [["account_id", 2]]
  ↳ app/controllers/accounts_controller.rb:80:in `block in adjust_accounts_balance_from_updated_portfolios'
  [1m[36mTRANSACTION (0.1ms)[0m  [1m[35mBEGIN[0m
  ↳ app/controllers/accounts_controller.rb:85:in `block in adjust_accounts_balance_from_updated_portfolios'
  [1m[36mUser Load (0.2ms)[0m  [1m[34mSELECT "users".* FROM "users" WHERE "users"."id" = $1 LIMIT $2[0m  [["id", 2], ["LIMIT", 1]]
  ↳ app/controllers/accounts_controller.rb:85:in `block in adjust_accounts_balance_from_updated_portfolios'
  [1m[36mAccount Update (0.5ms)[0m  [1m[33mUPDATE "accounts" SET "stock_balance" = $1, "total_balance" = $2, "updated_at" = $3 WHERE "accounts"."id" = $4[0m  [["stock_balance", 8255.64], ["total_balance", 10025.64], ["updated_at", "2021-11-24 17:54:27.957881"], ["id", 2]]
  ↳ app/controllers/accounts_controller.rb:85:in `block in adjust_accounts_balance_from_updated_portfolios'
  [1m[36mTRANSACTION (0.4ms)[0m  [1m[35mCOMMIT[0m
  ↳ app/controllers/accounts_controller.rb:85:in `block in adjust_accounts_balance_from_updated_portfolios'
  [1m[36mPortfolio Load (0.2ms)[0m  [1m[34mSELECT "portfolios".* FROM "portfolios" WHERE "portfolios"."account_id" = $1[0m  [["account_id", 4]]
  ↳ app/controllers/accounts_controller.rb:80:in `block in adjust_accounts_balance_from_updated_portfolios'
  [1m[36mTRANSACTION (0.2ms)[0m  [1m[35mBEGIN[0m
  ↳ app/controllers/accounts_controller.rb:85:in `block in adjust_accounts_balance_from_updated_portfolios'
  [1m[36mUser Load (0.2ms)[0m  [1m[34mSELECT "users".* FROM "users" WHERE "users"."id" = $1 LIMIT $2[0m  [["id", 4], ["LIMIT", 1]]
  ↳ app/controllers/accounts_controller.rb:85:in `block in adjust_accounts_balance_from_updated_portfolios'
  [1m[36mAccount Update (0.6ms)[0m  [1m[33mUPDATE "accounts" SET "stock_balance" = $1, "total_balance" = $2, "updated_at" = $3 WHERE "accounts"."id" = $4[0m  [["stock_balance", 10104.111859999999], ["total_balance", 10109.611859999999], ["updated_at", "2021-11-24 17:54:27.966666"], ["id", 4]]
  ↳ app/controllers/accounts_controller.rb:85:in `block in adjust_accounts_balance_from_updated_portfolios'
  [1m[36mTRANSACTION (0.5ms)[0m  [1m[35mCOMMIT[0m
  ↳ app/controllers/accounts_controller.rb:85:in `block in adjust_accounts_balance_from_updated_portfolios'
  [1m[36mPortfolio Load (0.3ms)[0m  [1m[34mSELECT "portfolios".* FROM "portfolios" WHERE "portfolios"."account_id" = $1[0m  [["account_id", 1]]
  ↳ app/controllers/accounts_controller.rb:80:in `block in adjust_accounts_balance_from_updated_portfolios'
  [1m[36mTRANSACTION (0.3ms)[0m  [1m[35mBEGIN[0m
  ↳ app/controllers/accounts_controller.rb:85:in `block in adjust_accounts_balance_from_updated_portfolios'
  [1m[36mUser Load (0.2ms)[0m  [1m[34mSELECT "users".* FROM "users" WHERE "users"."id" = $1 LIMIT $2[0m  [["id", 1], ["LIMIT", 1]]
  ↳ app/controllers/accounts_controller.rb:85:in `block in adjust_accounts_balance_from_updated_portfolios'
  [1m[36mAccount Update (0.4ms)[0m  [1m[33mUPDATE "accounts" SET "stock_balance" = $1, "total_balance" = $2, "updated_at" = $3 WHERE "accounts"."id" = $4[0m  [["stock_balance", 9555.5535], ["total_balance", 11555.5535], ["updated_at", "2021-11-24 17:54:28.000325"], ["id", 1]]
  ↳ app/controllers/accounts_controller.rb:85:in `block in adjust_accounts_balance_from_updated_portfolios'
  [1m[36mTRANSACTION (0.3ms)[0m  [1m[35mCOMMIT[0m
  ↳ app/controllers/accounts_controller.rb:85:in `block in adjust_accounts_balance_from_updated_portfolios'
  [1m[36mPortfolio Load (0.2ms)[0m  [1m[34mSELECT "portfolios".* FROM "portfolios" WHERE "portfolios"."account_id" = $1[0m  [["account_id", 3]]
  ↳ app/controllers/accounts_controller.rb:80:in `block in adjust_accounts_balance_from_updated_portfolios'
  [1m[36mTRANSACTION (0.1ms)[0m  [1m[35mBEGIN[0m
  ↳ app/controllers/accounts_controller.rb:85:in `block in adjust_accounts_balance_from_updated_portfolios'
  [1m[36mUser Load (0.1ms)[0m  [1m[34mSELECT "users".* FROM "users" WHERE "users"."id" = $1 LIMIT $2[0m  [["id", 3], ["LIMIT", 1]]
  ↳ app/controllers/accounts_controller.rb:85:in `block in adjust_accounts_balance_from_updated_portfolios'
  [1m[36mAccount Update (0.2ms)[0m  [1m[33mUPDATE "accounts" SET "stock_balance" = $1, "total_balance" = $2, "updated_at" = $3 WHERE "accounts"."id" = $4[0m  [["stock_balance", 5431.5599999999995], ["total_balance", 9946.56], ["updated_at", "2021-11-24 17:54:28.006322"], ["id", 3]]
  ↳ app/controllers/accounts_controller.rb:85:in `block in adjust_accounts_balance_from_updated_portfolios'
  [1m[36mTRANSACTION (0.3ms)[0m  [1m[35mCOMMIT[0m
  ↳ app/controllers/accounts_controller.rb:85:in `block in adjust_accounts_balance_from_updated_portfolios'
  [1m[36mAccount Load (0.2ms)[0m  [1m[34mSELECT "accounts".* FROM "accounts"[0m
  ↳ app/controllers/accounts_controller.rb:12:in `index'
  [1m[36mUser Load (0.2ms)[0m  [1m[34mSELECT "users".* FROM "users"[0m
  ↳ app/controllers/accounts_controller.rb:12:in `index'
Completed 200 OK in 1012ms (Views: 3.3ms | ActiveRecord: 23.4ms | Allocations: 52440)


{"Access-Control-Allow-Origin"=>"*", "Access-Control-Allow-Methods"=>"GET, POST, DELETE, PUT, PATCH, OPTIONS, HEAD", "Access-Control-Expose-Headers"=>"", "Access-Control-Max-Age"=>"0"}
